<?xml version="1.0" encoding="UTF-8"?>
<testng-results ignored="0" total="357" passed="264" failed="93" skipped="0">
  <reporter-output>
  </reporter-output>
  <suite started-at="2026-09-14T17:08:16 IST" name="AutomationSuite" finished-at="2026-09-14T18:50:25 IST" duration-ms="6129161">
    <groups>
    </groups>
    <test started-at="2026-09-14T17:08:16 IST" name="Chrome Execution Test" finished-at="2026-09-14T18:50:25 IST" duration-ms="6129161">
      <class name="tests.LoginTest">
        <test-method is-config="true" signature="setup(java.lang.String)[pri:0, instance:tests.LoginTest@6c0d7c83]" started-at="2026-09-14T17:21:02 IST" name="setup" finished-at="2026-09-14T17:21:12 IST" duration-ms="9368" status="PASS">
          <params>
            <param index="0">
              <value>
                <![CDATA[chrome]]>
              </value>
            </param>
          </params>
          <reporter-output>
          </reporter-output>
        </test-method> <!-- setup -->
        <test-method is-config="true" signature="initPage()[pri:0, instance:tests.LoginTest@6c0d7c83]" started-at="2026-09-14T17:21:12 IST" name="initPage" finished-at="2026-09-14T17:21:12 IST" duration-ms="10" status="PASS">
          <reporter-output>
          </reporter-output>
        </test-method> <!-- initPage -->
        <test-method is-config="true" signature="ensureLoginPage()[pri:0, instance:tests.LoginTest@6c0d7c83]" started-at="2026-09-14T17:21:12 IST" name="ensureLoginPage" finished-at="2026-09-14T17:21:28 IST" duration-ms="15675" status="PASS">
          <reporter-output>
          </reporter-output>
        </test-method> <!-- ensureLoginPage -->
        <test-method signature="verify_email_case_insensitivity(java.lang.String,java.lang.String)[pri:0, instance:tests.LoginTest@6c0d7c83]" started-at="2026-09-14T17:21:28 IST" name="verify_email_case_insensitivity" description="SLTC_013" data-provider="getvalidData" finished-at="2026-09-14T17:21:32 IST" duration-ms="4022" status="PASS">
          <params>
            <param index="0">
              <value>
                <![CDATA[usersample@sample.com]]>
              </value>
            </param>
            <param index="1">
              <value>
                <![CDATA[usersample]]>
              </value>
            </param>
          </params>
          <reporter-output>
          </reporter-output>
        </test-method> <!-- verify_email_case_insensitivity -->
        <test-method is-config="true" signature="ensureLoginPage()[pri:0, instance:tests.LoginTest@6c0d7c83]" started-at="2026-09-14T17:21:32 IST" name="ensureLoginPage" finished-at="2026-09-14T17:21:42 IST" duration-ms="10208" status="PASS">
          <reporter-output>
          </reporter-output>
        </test-method> <!-- ensureLoginPage -->
        <test-method signature="login_special_character_password()[pri:1, instance:tests.LoginTest@6c0d7c83]" started-at="2026-09-14T17:21:42 IST" name="login_special_character_password" description="SLTC_011" finished-at="2026-09-14T17:21:45 IST" duration-ms="2558" status="PASS">
          <reporter-output>
          </reporter-output>
        </test-method> <!-- login_special_character_password -->
        <test-method is-config="true" signature="ensureLoginPage()[pri:0, instance:tests.LoginTest@6c0d7c83]" started-at="2026-09-14T17:21:45 IST" name="ensureLoginPage" finished-at="2026-09-14T17:21:55 IST" duration-ms="10146" status="PASS">
          <reporter-output>
          </reporter-output>
        </test-method> <!-- ensureLoginPage -->
        <test-method signature="verify_loginpage()[pri:1, instance:tests.LoginTest@6c0d7c83]" started-at="2026-09-14T17:21:55 IST" name="verify_loginpage" description="SLTC_001" finished-at="2026-09-14T17:21:55 IST" duration-ms="78" status="PASS">
          <reporter-output>
          </reporter-output>
        </test-method> <!-- verify_loginpage -->
        <test-method is-config="true" signature="ensureLoginPage()[pri:0, instance:tests.LoginTest@6c0d7c83]" started-at="2026-09-14T17:21:55 IST" name="ensureLoginPage" finished-at="2026-09-14T17:22:05 IST" duration-ms="10140" status="PASS">
          <reporter-output>
          </reporter-output>
        </test-method> <!-- ensureLoginPage -->
        <test-method signature="login_validusers(java.lang.String,java.lang.String)[pri:2, instance:tests.LoginTest@6c0d7c83]" started-at="2026-09-14T17:22:05 IST" name="login_validusers" description="STLC_002" data-provider="getvalidData" finished-at="2026-09-14T17:23:12 IST" duration-ms="66625" status="PASS">
          <params>
            <param index="0">
              <value>
                <![CDATA[usersample@sample.com]]>
              </value>
            </param>
            <param index="1">
              <value>
                <![CDATA[usersample]]>
              </value>
            </param>
          </params>
          <reporter-output>
          </reporter-output>
        </test-method> <!-- login_validusers -->
        <test-method is-config="true" signature="ensureLoginPage()[pri:0, instance:tests.LoginTest@6c0d7c83]" started-at="2026-09-14T17:23:12 IST" name="ensureLoginPage" finished-at="2026-09-14T17:23:29 IST" duration-ms="17204" status="PASS">
          <reporter-output>
          </reporter-output>
        </test-method> <!-- ensureLoginPage -->
        <test-method signature="login_invalidusers(java.lang.String,java.lang.String)[pri:3, instance:tests.LoginTest@6c0d7c83]" started-at="2026-09-14T17:23:29 IST" name="login_invalidusers" description="STLC_003" data-provider="getInvalidata" finished-at="2026-09-14T17:23:41 IST" duration-ms="12007" status="PASS">
          <params>
            <param index="0">
              <value>
                <![CDATA[Wronguser@sample]]>
              </value>
            </param>
            <param index="1">
              <value>
                <![CDATA[Pass123]]>
              </value>
            </param>
          </params>
          <reporter-output>
          </reporter-output>
        </test-method> <!-- login_invalidusers -->
        <test-method is-config="true" signature="ensureLoginPage()[pri:0, instance:tests.LoginTest@6c0d7c83]" started-at="2026-09-14T17:23:41 IST" name="ensureLoginPage" finished-at="2026-09-14T17:23:51 IST" duration-ms="10221" status="PASS">
          <reporter-output>
          </reporter-output>
        </test-method> <!-- ensureLoginPage -->
        <test-method signature="login_invalidusers(java.lang.String,java.lang.String)[pri:3, instance:tests.LoginTest@6c0d7c83]" started-at="2026-09-14T17:23:51 IST" name="login_invalidusers" description="STLC_003" data-provider="getInvalidata" finished-at="2026-09-14T17:24:14 IST" duration-ms="22341" status="PASS">
          <params>
            <param index="0">
              <value>
                <![CDATA[user1sample@sample.com]]>
              </value>
            </param>
            <param index="1">
              <value>
                <![CDATA[user1#pass]]>
              </value>
            </param>
          </params>
          <reporter-output>
          </reporter-output>
        </test-method> <!-- login_invalidusers -->
        <test-method is-config="true" signature="ensureLoginPage()[pri:0, instance:tests.LoginTest@6c0d7c83]" started-at="2026-09-14T17:24:14 IST" name="ensureLoginPage" finished-at="2026-09-14T17:24:24 IST" duration-ms="10209" status="PASS">
          <reporter-output>
          </reporter-output>
        </test-method> <!-- ensureLoginPage -->
        <test-method signature="login_invalidusers(java.lang.String,java.lang.String)[pri:3, instance:tests.LoginTest@6c0d7c83]" started-at="2026-09-14T17:24:24 IST" name="login_invalidusers" description="STLC_003" data-provider="getInvalidata" finished-at="2026-09-14T17:24:25 IST" duration-ms="1288" status="PASS">
          <params>
            <param index="0">
              <value>
                <![CDATA[wronguser]]>
              </value>
            </param>
            <param index="1">
              <value>
                <![CDATA[usersample@]]>
              </value>
            </param>
          </params>
          <reporter-output>
          </reporter-output>
        </test-method> <!-- login_invalidusers -->
        <test-method is-config="true" signature="ensureLoginPage()[pri:0, instance:tests.LoginTest@6c0d7c83]" started-at="2026-09-14T17:24:25 IST" name="ensureLoginPage" finished-at="2026-09-14T17:24:36 IST" duration-ms="10478" status="PASS">
          <reporter-output>
          </reporter-output>
        </test-method> <!-- ensureLoginPage -->
        <test-method signature="login_blankdata()[pri:4, instance:tests.LoginTest@6c0d7c83]" started-at="2026-09-14T17:24:36 IST" name="login_blankdata" description="STLC_004" finished-at="2026-09-14T17:24:36 IST" duration-ms="281" status="PASS">
          <reporter-output>
          </reporter-output>
        </test-method> <!-- login_blankdata -->
        <test-method is-config="true" signature="ensureLoginPage()[pri:0, instance:tests.LoginTest@6c0d7c83]" started-at="2026-09-14T17:24:36 IST" name="ensureLoginPage" finished-at="2026-09-14T17:24:47 IST" duration-ms="10395" status="PASS">
          <reporter-output>
          </reporter-output>
        </test-method> <!-- ensureLoginPage -->
        <test-method signature="verify_login_validation_blank_password(java.lang.String,java.lang.String)[pri:5, instance:tests.LoginTest@6c0d7c83]" started-at="2026-09-14T17:24:47 IST" name="verify_login_validation_blank_password" description="SLTC_005" data-provider="getvalidData" finished-at="2026-09-14T17:24:47 IST" duration-ms="314" status="PASS">
          <params>
            <param index="0">
              <value>
                <![CDATA[usersample@sample.com]]>
              </value>
            </param>
            <param index="1">
              <value>
                <![CDATA[usersample]]>
              </value>
            </param>
          </params>
          <reporter-output>
          </reporter-output>
        </test-method> <!-- verify_login_validation_blank_password -->
        <test-method is-config="true" signature="ensureLoginPage()[pri:0, instance:tests.LoginTest@6c0d7c83]" started-at="2026-09-14T17:24:47 IST" name="ensureLoginPage" finished-at="2026-09-14T17:24:57 IST" duration-ms="10448" status="PASS">
          <reporter-output>
          </reporter-output>
        </test-method> <!-- ensureLoginPage -->
        <test-method signature="verify_login_validation_blank_email(java.lang.String,java.lang.String)[pri:6, instance:tests.LoginTest@6c0d7c83]" started-at="2026-09-14T17:24:57 IST" name="verify_login_validation_blank_email" description="STLC_006" data-provider="getvalidData" finished-at="2026-09-14T17:24:58 IST" duration-ms="243" status="PASS">
          <params>
            <param index="0">
              <value>
                <![CDATA[usersample@sample.com]]>
              </value>
            </param>
            <param index="1">
              <value>
                <![CDATA[usersample]]>
              </value>
            </param>
          </params>
          <reporter-output>
          </reporter-output>
        </test-method> <!-- verify_login_validation_blank_email -->
        <test-method is-config="true" signature="ensureLoginPage()[pri:0, instance:tests.LoginTest@6c0d7c83]" started-at="2026-09-14T17:24:58 IST" name="ensureLoginPage" finished-at="2026-09-14T17:25:08 IST" duration-ms="10479" status="PASS">
          <reporter-output>
          </reporter-output>
        </test-method> <!-- ensureLoginPage -->
        <test-method signature="verify_login_formfields()[pri:7, instance:tests.LoginTest@6c0d7c83]" started-at="2026-09-14T17:25:08 IST" name="verify_login_formfields" description="STLC_007" finished-at="2026-09-14T17:25:08 IST" duration-ms="51" status="PASS">
          <reporter-output>
          </reporter-output>
        </test-method> <!-- verify_login_formfields -->
        <test-method is-config="true" signature="ensureLoginPage()[pri:0, instance:tests.LoginTest@6c0d7c83]" started-at="2026-09-14T17:25:08 IST" name="ensureLoginPage" finished-at="2026-09-14T17:25:19 IST" duration-ms="10477" status="PASS">
          <reporter-output>
          </reporter-output>
        </test-method> <!-- ensureLoginPage -->
        <test-method signature="logout_user(java.lang.String,java.lang.String)[pri:8, instance:tests.LoginTest@6c0d7c83]" started-at="2026-09-14T17:25:19 IST" name="logout_user" description="STLC_008" data-provider="getvalidData" finished-at="2026-09-14T17:25:28 IST" duration-ms="9194" status="PASS">
          <params>
            <param index="0">
              <value>
                <![CDATA[usersample@sample.com]]>
              </value>
            </param>
            <param index="1">
              <value>
                <![CDATA[usersample]]>
              </value>
            </param>
          </params>
          <reporter-output>
          </reporter-output>
        </test-method> <!-- logout_user -->
        <test-method is-config="true" signature="ensureLoginPage()[pri:0, instance:tests.LoginTest@6c0d7c83]" started-at="2026-09-14T17:25:28 IST" name="ensureLoginPage" finished-at="2026-09-14T17:25:38 IST" duration-ms="10205" status="PASS">
          <reporter-output>
          </reporter-output>
        </test-method> <!-- ensureLoginPage -->
        <test-method signature="verifyPassword_masked()[pri:9, instance:tests.LoginTest@6c0d7c83]" started-at="2026-09-14T17:25:38 IST" name="verifyPassword_masked" description="STLC_009" finished-at="2026-09-14T17:25:38 IST" duration-ms="93" status="PASS">
          <reporter-output>
          </reporter-output>
        </test-method> <!-- verifyPassword_masked -->
        <test-method is-config="true" signature="ensureLoginPage()[pri:0, instance:tests.LoginTest@6c0d7c83]" started-at="2026-09-14T17:25:38 IST" name="ensureLoginPage" finished-at="2026-09-14T17:25:48 IST" duration-ms="10124" status="PASS">
          <reporter-output>
          </reporter-output>
        </test-method> <!-- ensureLoginPage -->
        <test-method signature="verifyMissingAccountLockingMechanism(java.lang.String)[pri:10, instance:tests.LoginTest@6c0d7c83]" started-at="2026-09-14T17:25:48 IST" name="verifyMissingAccountLockingMechanism" description="STLC_010" data-provider="duplicateuser" finished-at="2026-09-14T17:26:06 IST" duration-ms="17574" status="FAIL">
          <params>
            <param index="0">
              <value>
                <![CDATA[demouser@sample.com]]>
              </value>
            </param>
          </params>
          <exception class="java.lang.AssertionError">
            <message>
              <![CDATA[[BUG RAISED] Security Vulnerability Detected: The application failed to lock the account or block access after 5 consecutive incorrect login attempts for user: demouser@sample.com expected [true] but found [false]]]>
            </message>
            <full-stacktrace>
              <![CDATA[java.lang.AssertionError: [BUG RAISED] Security Vulnerability Detected: The application failed to lock the account or block access after 5 consecutive incorrect login attempts for user: demouser@sample.com expected [true] but found [false]
at org.testng.Assert.fail(Assert.java:111)
at org.testng.Assert.failNotEquals(Assert.java:1590)
at org.testng.Assert.assertTrue(Assert.java:57)
at tests.LoginTest.verifyMissingAccountLockingMechanism(LoginTest.java:257)
at java.base/jdk.internal.reflect.DirectMethodHandleAccessor.invoke(DirectMethodHandleAccessor.java:103)
at java.base/java.lang.reflect.Method.invoke(Method.java:580)
at org.testng.internal.invokers.MethodInvocationHelper.invokeMethod(MethodInvocationHelper.java:141)
at org.testng.internal.invokers.TestInvoker.invokeMethod(TestInvoker.java:697)
at org.testng.internal.invokers.TestInvoker.invokeTestMethod(TestInvoker.java:230)
at org.testng.internal.invokers.MethodRunner.runInSequence(MethodRunner.java:63)
at org.testng.internal.invokers.TestInvoker$MethodInvocationAgent.invoke(TestInvoker.java:1005)
at org.testng.internal.invokers.TestInvoker.invokeTestMethods(TestInvoker.java:203)
at org.testng.internal.invokers.TestMethodWorker.invokeTestMethods(TestMethodWorker.java:154)
at org.testng.internal.invokers.TestMethodWorker.run(TestMethodWorker.java:134)
at java.base/java.util.ArrayList.forEach(ArrayList.java:1596)
at org.testng.TestRunner.privateRun(TestRunner.java:744)
at org.testng.TestRunner.run(TestRunner.java:616)
at org.testng.SuiteRunner.runTest(SuiteRunner.java:421)
at org.testng.SuiteRunner.runSequentially(SuiteRunner.java:413)
at org.testng.SuiteRunner.privateRun(SuiteRunner.java:373)
at org.testng.SuiteRunner.run(SuiteRunner.java:312)
at org.testng.SuiteRunnerWorker.runSuite(SuiteRunnerWorker.java:52)
at org.testng.SuiteRunnerWorker.run(SuiteRunnerWorker.java:95)
at org.testng.TestNG.runSuitesSequentially(TestNG.java:1274)
at org.testng.TestNG.runSuitesLocally(TestNG.java:1208)
at org.testng.TestNG.runSuites(TestNG.java:1112)
at org.testng.TestNG.run(TestNG.java:1079)
at org.testng.remote.AbstractRemoteTestNG.run(AbstractRemoteTestNG.java:115)
at org.testng.remote.RemoteTestNG.initAndRun(RemoteTestNG.java:293)
at org.testng.remote.RemoteTestNG.main(RemoteTestNG.java:91)
]]>
            </full-stacktrace>
          </exception> <!-- java.lang.AssertionError -->
          <reporter-output>
          </reporter-output>
        </test-method> <!-- verifyMissingAccountLockingMechanism -->
        <test-method is-config="true" signature="ensureLoginPage()[pri:0, instance:tests.LoginTest@6c0d7c83]" started-at="2026-09-14T17:26:06 IST" name="ensureLoginPage" finished-at="2026-09-14T17:26:16 IST" duration-ms="10111" status="PASS">
          <reporter-output>
          </reporter-output>
        </test-method> <!-- ensureLoginPage -->
        <test-method signature="login_keyboard_enter_submission(java.lang.String,java.lang.String)[pri:12, instance:tests.LoginTest@6c0d7c83]" started-at="2026-09-14T17:26:16 IST" name="login_keyboard_enter_submission" description="SLTC_012" data-provider="getvalidData" finished-at="2026-09-14T17:26:21 IST" duration-ms="5281" status="PASS">
          <params>
            <param index="0">
              <value>
                <![CDATA[usersample@sample.com]]>
              </value>
            </param>
            <param index="1">
              <value>
                <![CDATA[usersample]]>
              </value>
            </param>
          </params>
          <reporter-output>
          </reporter-output>
        </test-method> <!-- login_keyboard_enter_submission -->
        <test-method is-config="true" signature="ensureLoginPage()[pri:0, instance:tests.LoginTest@6c0d7c83]" started-at="2026-09-14T17:26:21 IST" name="ensureLoginPage" finished-at="2026-09-14T17:26:34 IST" duration-ms="12305" status="PASS">
          <reporter-output>
          </reporter-output>
        </test-method> <!-- ensureLoginPage -->
        <test-method signature="verify_password_case_sensitivity(java.lang.String,java.lang.String)[pri:14, instance:tests.LoginTest@6c0d7c83]" started-at="2026-09-14T17:26:34 IST" name="verify_password_case_sensitivity" description="SLTC_014" data-provider="getvalidData" finished-at="2026-09-14T17:26:36 IST" duration-ms="2494" status="PASS">
          <params>
            <param index="0">
              <value>
                <![CDATA[usersample@sample.com]]>
              </value>
            </param>
            <param index="1">
              <value>
                <![CDATA[usersample]]>
              </value>
            </param>
          </params>
          <reporter-output>
          </reporter-output>
        </test-method> <!-- verify_password_case_sensitivity -->
        <test-method is-config="true" signature="ensureLoginPage()[pri:0, instance:tests.LoginTest@6c0d7c83]" started-at="2026-09-14T17:26:36 IST" name="ensureLoginPage" finished-at="2026-09-14T17:26:46 IST" duration-ms="10142" status="PASS">
          <reporter-output>
          </reporter-output>
        </test-method> <!-- ensureLoginPage -->
        <test-method signature="login_invalid_email_format()[pri:15, instance:tests.LoginTest@6c0d7c83]" started-at="2026-09-14T17:26:46 IST" name="login_invalid_email_format" description="SLTC_015" finished-at="2026-09-14T17:26:47 IST" duration-ms="285" status="PASS">
          <reporter-output>
          </reporter-output>
        </test-method> <!-- login_invalid_email_format -->
        <test-method is-config="true" signature="ensureLoginPage()[pri:0, instance:tests.LoginTest@6c0d7c83]" started-at="2026-09-14T17:26:47 IST" name="ensureLoginPage" finished-at="2026-09-14T17:26:57 IST" duration-ms="10492" status="PASS">
          <reporter-output>
          </reporter-output>
        </test-method> <!-- ensureLoginPage -->
        <test-method signature="verify_password_visibility_toggle()[pri:16, instance:tests.LoginTest@6c0d7c83]" started-at="2026-09-14T17:26:57 IST" name="verify_password_visibility_toggle" description="SLTC_016" finished-at="2026-09-14T17:26:57 IST" duration-ms="70" status="FAIL">
          <exception class="java.lang.AssertionError">
            <message>
              <![CDATA[DEFECT / BUG: The password visibility toggle button is missing from the login form UI on automationexercise.com. expected [true] but found [false]]]>
            </message>
            <full-stacktrace>
              <![CDATA[java.lang.AssertionError: DEFECT / BUG: The password visibility toggle button is missing from the login form UI on automationexercise.com. expected [true] but found [false]
at org.testng.Assert.fail(Assert.java:111)
at org.testng.Assert.failNotEquals(Assert.java:1590)
at org.testng.Assert.assertTrue(Assert.java:57)
at tests.LoginTest.verify_password_visibility_toggle(LoginTest.java:364)
at java.base/jdk.internal.reflect.DirectMethodHandleAccessor.invoke(DirectMethodHandleAccessor.java:103)
at java.base/java.lang.reflect.Method.invoke(Method.java:580)
at org.testng.internal.invokers.MethodInvocationHelper.invokeMethod(MethodInvocationHelper.java:141)
at org.testng.internal.invokers.TestInvoker.invokeMethod(TestInvoker.java:697)
at org.testng.internal.invokers.TestInvoker.invokeTestMethod(TestInvoker.java:230)
at org.testng.internal.invokers.MethodRunner.runInSequence(MethodRunner.java:63)
at org.testng.internal.invokers.TestInvoker$MethodInvocationAgent.invoke(TestInvoker.java:1005)
at org.testng.internal.invokers.TestInvoker.invokeTestMethods(TestInvoker.java:203)
at org.testng.internal.invokers.TestMethodWorker.invokeTestMethods(TestMethodWorker.java:154)
at org.testng.internal.invokers.TestMethodWorker.run(TestMethodWorker.java:134)
at java.base/java.util.ArrayList.forEach(ArrayList.java:1596)
at org.testng.TestRunner.privateRun(TestRunner.java:744)
at org.testng.TestRunner.run(TestRunner.java:616)
at org.testng.SuiteRunner.runTest(SuiteRunner.java:421)
at org.testng.SuiteRunner.runSequentially(SuiteRunner.java:413)
at org.testng.SuiteRunner.privateRun(SuiteRunner.java:373)
at org.testng.SuiteRunner.run(SuiteRunner.java:312)
at org.testng.SuiteRunnerWorker.runSuite(SuiteRunnerWorker.java:52)
at org.testng.SuiteRunnerWorker.run(SuiteRunnerWorker.java:95)
at org.testng.TestNG.runSuitesSequentially(TestNG.java:1274)
at org.testng.TestNG.runSuitesLocally(TestNG.java:1208)
at org.testng.TestNG.runSuites(TestNG.java:1112)
at org.testng.TestNG.run(TestNG.java:1079)
at org.testng.remote.AbstractRemoteTestNG.run(AbstractRemoteTestNG.java:115)
at org.testng.remote.RemoteTestNG.initAndRun(RemoteTestNG.java:293)
at org.testng.remote.RemoteTestNG.main(RemoteTestNG.java:91)
]]>
            </full-stacktrace>
          </exception> <!-- java.lang.AssertionError -->
          <reporter-output>
          </reporter-output>
        </test-method> <!-- verify_password_visibility_toggle -->
        <test-method is-config="true" signature="ensureLoginPage()[pri:0, instance:tests.LoginTest@6c0d7c83]" started-at="2026-09-14T17:26:57 IST" name="ensureLoginPage" finished-at="2026-09-14T17:27:08 IST" duration-ms="10211" status="PASS">
          <reporter-output>
          </reporter-output>
        </test-method> <!-- ensureLoginPage -->
        <test-method signature="verify_dynamic_error_clearing()[pri:17, instance:tests.LoginTest@6c0d7c83]" started-at="2026-09-14T17:27:08 IST" name="verify_dynamic_error_clearing" description="SLTC_017" finished-at="2026-09-14T17:27:20 IST" duration-ms="12900" status="PASS">
          <reporter-output>
          </reporter-output>
        </test-method> <!-- verify_dynamic_error_clearing -->
        <test-method is-config="true" signature="ensureLoginPage()[pri:0, instance:tests.LoginTest@6c0d7c83]" started-at="2026-09-14T17:27:20 IST" name="ensureLoginPage" finished-at="2026-09-14T17:27:31 IST" duration-ms="10186" status="PASS">
          <reporter-output>
          </reporter-output>
        </test-method> <!-- ensureLoginPage -->
        <test-method signature="verify_session_persistence_on_refresh(java.lang.String,java.lang.String)[pri:18, instance:tests.LoginTest@6c0d7c83]" started-at="2026-09-14T17:27:31 IST" name="verify_session_persistence_on_refresh" description="SLTC_018" data-provider="getvalidData" finished-at="2026-09-14T17:27:41 IST" duration-ms="10182" status="PASS">
          <params>
            <param index="0">
              <value>
                <![CDATA[usersample@sample.com]]>
              </value>
            </param>
            <param index="1">
              <value>
                <![CDATA[usersample]]>
              </value>
            </param>
          </params>
          <reporter-output>
          </reporter-output>
        </test-method> <!-- verify_session_persistence_on_refresh -->
        <test-method is-config="true" signature="ensureLoginPage()[pri:0, instance:tests.LoginTest@6c0d7c83]" started-at="2026-09-14T17:27:41 IST" name="ensureLoginPage" finished-at="2026-09-14T17:27:54 IST" duration-ms="13292" status="PASS">
          <reporter-output>
          </reporter-output>
        </test-method> <!-- ensureLoginPage -->
        <test-method signature="verify_login_keyboard_enter_email_submission(java.lang.String,java.lang.String)[pri:19, instance:tests.LoginTest@6c0d7c83]" started-at="2026-09-14T17:27:54 IST" name="verify_login_keyboard_enter_email_submission" description="SLTC_019" data-provider="getvalidData" finished-at="2026-09-14T17:28:03 IST" duration-ms="8310" status="PASS">
          <params>
            <param index="0">
              <value>
                <![CDATA[usersample@sample.com]]>
              </value>
            </param>
            <param index="1">
              <value>
                <![CDATA[usersample]]>
              </value>
            </param>
          </params>
          <reporter-output>
          </reporter-output>
        </test-method> <!-- verify_login_keyboard_enter_email_submission -->
        <test-method is-config="true" signature="ensureLoginPage()[pri:0, instance:tests.LoginTest@6c0d7c83]" started-at="2026-09-14T17:28:03 IST" name="ensureLoginPage" finished-at="2026-09-14T17:28:18 IST" duration-ms="15570" status="PASS">
          <reporter-output>
          </reporter-output>
        </test-method> <!-- ensureLoginPage -->
        <test-method signature="verify_placeholder_behavior()[pri:21, instance:tests.LoginTest@6c0d7c83]" started-at="2026-09-14T17:28:18 IST" name="verify_placeholder_behavior" description="SLTC_021" finished-at="2026-09-14T17:28:18 IST" duration-ms="94" status="PASS">
          <reporter-output>
          </reporter-output>
        </test-method> <!-- verify_placeholder_behavior -->
        <test-method is-config="true" signature="ensureLoginPage()[pri:0, instance:tests.LoginTest@6c0d7c83]" started-at="2026-09-14T17:28:18 IST" name="ensureLoginPage" finished-at="2026-09-14T17:28:28 IST" duration-ms="10140" status="PASS">
          <reporter-output>
          </reporter-output>
        </test-method> <!-- ensureLoginPage -->
        <test-method signature="verify_redundant_login_navigation()[pri:22, instance:tests.LoginTest@6c0d7c83]" started-at="2026-09-14T17:28:28 IST" name="verify_redundant_login_navigation" description="SLTC_022" finished-at="2026-09-14T17:28:31 IST" duration-ms="2206" status="PASS">
          <reporter-output>
          </reporter-output>
        </test-method> <!-- verify_redundant_login_navigation -->
        <test-method is-config="true" signature="ensureLoginPage()[pri:0, instance:tests.LoginTest@6c0d7c83]" started-at="2026-09-14T17:28:31 IST" name="ensureLoginPage" finished-at="2026-09-14T17:28:41 IST" duration-ms="10176" status="PASS">
          <reporter-output>
          </reporter-output>
        </test-method> <!-- ensureLoginPage -->
        <test-method signature="verify_email_whitespace_trimming(java.lang.String,java.lang.String)[pri:23, instance:tests.LoginTest@6c0d7c83]" started-at="2026-09-14T17:28:41 IST" name="verify_email_whitespace_trimming" description="SLTC_023" data-provider="getvalidData" finished-at="2026-09-14T17:28:48 IST" duration-ms="7153" status="PASS">
          <params>
            <param index="0">
              <value>
                <![CDATA[usersample@sample.com]]>
              </value>
            </param>
            <param index="1">
              <value>
                <![CDATA[usersample]]>
              </value>
            </param>
          </params>
          <reporter-output>
          </reporter-output>
        </test-method> <!-- verify_email_whitespace_trimming -->
        <test-method is-config="true" signature="ensureLoginPage()[pri:0, instance:tests.LoginTest@6c0d7c83]" started-at="2026-09-14T17:28:48 IST" name="ensureLoginPage" finished-at="2026-09-14T17:29:02 IST" duration-ms="14173" status="PASS">
          <reporter-output>
          </reporter-output>
        </test-method> <!-- ensureLoginPage -->
        <test-method signature="verify_browser_password_manager_auto_save_prompt(java.lang.String,java.lang.String)[pri:24, instance:tests.LoginTest@6c0d7c83]" started-at="2026-09-14T17:29:02 IST" name="verify_browser_password_manager_auto_save_prompt" description="SLTC_024" data-provider="getvalidData" finished-at="2026-09-14T17:29:09 IST" duration-ms="7158" status="PASS">
          <params>
            <param index="0">
              <value>
                <![CDATA[usersample@sample.com]]>
              </value>
            </param>
            <param index="1">
              <value>
                <![CDATA[usersample]]>
              </value>
            </param>
          </params>
          <reporter-output>
          </reporter-output>
        </test-method> <!-- verify_browser_password_manager_auto_save_prompt -->
        <test-method is-config="true" signature="ensureLoginPage()[pri:0, instance:tests.LoginTest@6c0d7c83]" started-at="2026-09-14T17:29:09 IST" name="ensureLoginPage" finished-at="2026-09-14T17:29:23 IST" duration-ms="13576" status="PASS">
          <reporter-output>
          </reporter-output>
        </test-method> <!-- ensureLoginPage -->
        <test-method signature="verify_secure_transmission_https()[pri:25, instance:tests.LoginTest@6c0d7c83]" started-at="2026-09-14T17:29:23 IST" name="verify_secure_transmission_https" description="SLTC_025" finished-at="2026-09-14T17:29:23 IST" duration-ms="63" status="PASS">
          <reporter-output>
          </reporter-output>
        </test-method> <!-- verify_secure_transmission_https -->
        <test-method is-config="true" signature="ensureLoginPage()[pri:0, instance:tests.LoginTest@6c0d7c83]" started-at="2026-09-14T17:29:23 IST" name="ensureLoginPage" finished-at="2026-09-14T17:29:33 IST" duration-ms="10187" status="PASS">
          <reporter-output>
          </reporter-output>
        </test-method> <!-- ensureLoginPage -->
        <test-method signature="verify_or_badge_visibility()[pri:26, instance:tests.LoginTest@6c0d7c83]" started-at="2026-09-14T17:29:33 IST" name="verify_or_badge_visibility" description="SLTC_026" finished-at="2026-09-14T17:29:33 IST" duration-ms="64" status="PASS">
          <reporter-output>
          </reporter-output>
        </test-method> <!-- verify_or_badge_visibility -->
        <test-method is-config="true" signature="ensureLoginPage()[pri:0, instance:tests.LoginTest@6c0d7c83]" started-at="2026-09-14T17:29:33 IST" name="ensureLoginPage" finished-at="2026-09-14T17:29:43 IST" duration-ms="10138" status="PASS">
          <reporter-output>
          </reporter-output>
        </test-method> <!-- ensureLoginPage -->
        <test-method signature="verify_header_navigation_links()[pri:27, instance:tests.LoginTest@6c0d7c83]" started-at="2026-09-14T17:29:43 IST" name="verify_header_navigation_links" description="SLTC_027" finished-at="2026-09-14T17:30:05 IST" duration-ms="21341" status="PASS">
          <reporter-output>
          </reporter-output>
        </test-method> <!-- verify_header_navigation_links -->
        <test-method is-config="true" signature="ensureLoginPage()[pri:0, instance:tests.LoginTest@6c0d7c83]" started-at="2026-09-14T17:30:05 IST" name="ensureLoginPage" finished-at="2026-09-14T17:30:15 IST" duration-ms="10142" status="PASS">
          <reporter-output>
          </reporter-output>
        </test-method> <!-- ensureLoginPage -->
        <test-method signature="verify_login_page_ad_banner()[pri:28, instance:tests.LoginTest@6c0d7c83]" started-at="2026-09-14T17:30:15 IST" name="verify_login_page_ad_banner" description="SLTC_028" finished-at="2026-09-14T17:30:15 IST" duration-ms="47" status="PASS">
          <reporter-output>
          </reporter-output>
        </test-method> <!-- verify_login_page_ad_banner -->
        <test-method is-config="true" signature="ensureLoginPage()[pri:0, instance:tests.LoginTest@6c0d7c83]" started-at="2026-09-14T17:30:15 IST" name="ensureLoginPage" finished-at="2026-09-14T17:30:25 IST" duration-ms="10171" status="PASS">
          <reporter-output>
          </reporter-output>
        </test-method> <!-- ensureLoginPage -->
        <test-method signature="verify_footer_subscription_section_text()[pri:29, instance:tests.LoginTest@6c0d7c83]" started-at="2026-09-14T17:30:25 IST" name="verify_footer_subscription_section_text" description="SLTC_029" finished-at="2026-09-14T17:30:25 IST" duration-ms="149" status="PASS">
          <reporter-output>
          </reporter-output>
        </test-method> <!-- verify_footer_subscription_section_text -->
        <test-method is-config="true" signature="ensureLoginPage()[pri:0, instance:tests.LoginTest@6c0d7c83]" started-at="2026-09-14T17:30:25 IST" name="ensureLoginPage" finished-at="2026-09-14T17:30:35 IST" duration-ms="10132" status="PASS">
          <reporter-output>
          </reporter-output>
        </test-method> <!-- ensureLoginPage -->
        <test-method signature="verify_login_mobile_viewport_responsiveness()[pri:30, instance:tests.LoginTest@6c0d7c83]" started-at="2026-09-14T17:30:35 IST" name="verify_login_mobile_viewport_responsiveness" description="STLC_030" finished-at="2026-09-14T17:30:36 IST" duration-ms="482" status="PASS">
          <reporter-output>
          </reporter-output>
        </test-method> <!-- verify_login_mobile_viewport_responsiveness -->
        <test-method is-config="true" signature="ensureLoginPage()[pri:0, instance:tests.LoginTest@6c0d7c83]" started-at="2026-09-14T17:30:36 IST" name="ensureLoginPage" finished-at="2026-09-14T17:30:46 IST" duration-ms="10188" status="PASS">
          <reporter-output>
          </reporter-output>
        </test-method> <!-- ensureLoginPage -->
        <test-method signature="verify_browser_back_button_session_guard(java.lang.String,java.lang.String)[pri:31, instance:tests.LoginTest@6c0d7c83]" started-at="2026-09-14T17:30:46 IST" name="verify_browser_back_button_session_guard" description="SLTC_031" data-provider="getvalidData" finished-at="2026-09-14T17:30:57 IST" duration-ms="10495" status="PASS">
          <params>
            <param index="0">
              <value>
                <![CDATA[usersample@sample.com]]>
              </value>
            </param>
            <param index="1">
              <value>
                <![CDATA[usersample]]>
              </value>
            </param>
          </params>
          <reporter-output>
          </reporter-output>
        </test-method> <!-- verify_browser_back_button_session_guard -->
        <test-method is-config="true" signature="ensureLoginPage()[pri:0, instance:tests.LoginTest@6c0d7c83]" started-at="2026-09-14T17:30:57 IST" name="ensureLoginPage" finished-at="2026-09-14T17:31:08 IST" duration-ms="11409" status="PASS">
          <reporter-output>
          </reporter-output>
        </test-method> <!-- ensureLoginPage -->
        <test-method signature="verify_logical_keyboard_tab_sequence()[pri:33, instance:tests.LoginTest@6c0d7c83]" started-at="2026-09-14T17:31:08 IST" name="verify_logical_keyboard_tab_sequence" description="SLTC_033" finished-at="2026-09-14T17:31:08 IST" duration-ms="170" status="PASS">
          <reporter-output>
          </reporter-output>
        </test-method> <!-- verify_logical_keyboard_tab_sequence -->
        <test-method is-config="true" signature="ensureLoginPage()[pri:0, instance:tests.LoginTest@6c0d7c83]" started-at="2026-09-14T17:31:08 IST" name="ensureLoginPage" finished-at="2026-09-14T17:31:18 IST" duration-ms="10080" status="PASS">
          <reporter-output>
          </reporter-output>
        </test-method> <!-- ensureLoginPage -->
        <test-method signature="verify_full_keyboard_accessibility_controls(java.lang.String,java.lang.String)[pri:34, instance:tests.LoginTest@6c0d7c83]" started-at="2026-09-14T17:31:18 IST" name="verify_full_keyboard_accessibility_controls" description="SLTC_034" data-provider="getvalidData" finished-at="2026-09-14T17:31:22 IST" duration-ms="3566" status="PASS">
          <params>
            <param index="0">
              <value>
                <![CDATA[usersample@sample.com]]>
              </value>
            </param>
            <param index="1">
              <value>
                <![CDATA[usersample]]>
              </value>
            </param>
          </params>
          <reporter-output>
          </reporter-output>
        </test-method> <!-- verify_full_keyboard_accessibility_controls -->
        <test-method is-config="true" signature="ensureLoginPage()[pri:0, instance:tests.LoginTest@6c0d7c83]" started-at="2026-09-14T17:31:22 IST" name="ensureLoginPage" finished-at="2026-09-14T17:31:34 IST" duration-ms="11698" status="PASS">
          <reporter-output>
          </reporter-output>
        </test-method> <!-- ensureLoginPage -->
        <test-method signature="verify_placeholder_text_clarity()[pri:35, instance:tests.LoginTest@6c0d7c83]" started-at="2026-09-14T17:31:34 IST" name="verify_placeholder_text_clarity" description="SLTC_035" finished-at="2026-09-14T17:31:34 IST" duration-ms="93" status="PASS">
          <reporter-output>
          </reporter-output>
        </test-method> <!-- verify_placeholder_text_clarity -->
        <test-method is-config="true" signature="ensureLoginPage()[pri:0, instance:tests.LoginTest@6c0d7c83]" started-at="2026-09-14T17:31:34 IST" name="ensureLoginPage" finished-at="2026-09-14T17:31:44 IST" duration-ms="10062" status="PASS">
          <reporter-output>
          </reporter-output>
        </test-method> <!-- ensureLoginPage -->
        <test-method signature="verify_input_focus_styling()[pri:36, instance:tests.LoginTest@6c0d7c83]" started-at="2026-09-14T17:31:44 IST" name="verify_input_focus_styling" description="SLTC_036" finished-at="2026-09-14T17:31:45 IST" duration-ms="960" status="PASS">
          <reporter-output>
          </reporter-output>
        </test-method> <!-- verify_input_focus_styling -->
        <test-method is-config="true" signature="ensureLoginPage()[pri:0, instance:tests.LoginTest@6c0d7c83]" started-at="2026-09-14T17:31:45 IST" name="ensureLoginPage" finished-at="2026-09-14T17:31:55 IST" duration-ms="10569" status="PASS">
          <reporter-output>
          </reporter-output>
        </test-method> <!-- ensureLoginPage -->
        <test-method signature="verify_field_blur_behavior()[pri:37, instance:tests.LoginTest@6c0d7c83]" started-at="2026-09-14T17:31:55 IST" name="verify_field_blur_behavior" description="SLTC_037" finished-at="2026-09-14T17:32:06 IST" duration-ms="10479" status="FAIL">
          <exception class="java.lang.AssertionError">
            <message>
              <![CDATA[Focus successfully removed via blur from email field. expected [false] but found [true]]]>
            </message>
            <full-stacktrace>
              <![CDATA[java.lang.AssertionError: Focus successfully removed via blur from email field. expected [false] but found [true]
at org.testng.Assert.fail(Assert.java:111)
at org.testng.Assert.failNotEquals(Assert.java:1590)
at org.testng.Assert.assertFalse(Assert.java:79)
at tests.LoginTest.verify_field_blur_behavior(LoginTest.java:838)
at java.base/jdk.internal.reflect.DirectMethodHandleAccessor.invoke(DirectMethodHandleAccessor.java:103)
at java.base/java.lang.reflect.Method.invoke(Method.java:580)
at org.testng.internal.invokers.MethodInvocationHelper.invokeMethod(MethodInvocationHelper.java:141)
at org.testng.internal.invokers.TestInvoker.invokeMethod(TestInvoker.java:697)
at org.testng.internal.invokers.TestInvoker.invokeTestMethod(TestInvoker.java:230)
at org.testng.internal.invokers.MethodRunner.runInSequence(MethodRunner.java:63)
at org.testng.internal.invokers.TestInvoker$MethodInvocationAgent.invoke(TestInvoker.java:1005)
at org.testng.internal.invokers.TestInvoker.invokeTestMethods(TestInvoker.java:203)
at org.testng.internal.invokers.TestMethodWorker.invokeTestMethods(TestMethodWorker.java:154)
at org.testng.internal.invokers.TestMethodWorker.run(TestMethodWorker.java:134)
at java.base/java.util.ArrayList.forEach(ArrayList.java:1596)
at org.testng.TestRunner.privateRun(TestRunner.java:744)
at org.testng.TestRunner.run(TestRunner.java:616)
at org.testng.SuiteRunner.runTest(SuiteRunner.java:421)
at org.testng.SuiteRunner.runSequentially(SuiteRunner.java:413)
at org.testng.SuiteRunner.privateRun(SuiteRunner.java:373)
at org.testng.SuiteRunner.run(SuiteRunner.java:312)
at org.testng.SuiteRunnerWorker.runSuite(SuiteRunnerWorker.java:52)
at org.testng.SuiteRunnerWorker.run(SuiteRunnerWorker.java:95)
at org.testng.TestNG.runSuitesSequentially(TestNG.java:1274)
at org.testng.TestNG.runSuitesLocally(TestNG.java:1208)
at org.testng.TestNG.runSuites(TestNG.java:1112)
at org.testng.TestNG.run(TestNG.java:1079)
at org.testng.remote.AbstractRemoteTestNG.run(AbstractRemoteTestNG.java:115)
at org.testng.remote.RemoteTestNG.initAndRun(RemoteTestNG.java:293)
at org.testng.remote.RemoteTestNG.main(RemoteTestNG.java:91)
]]>
            </full-stacktrace>
          </exception> <!-- java.lang.AssertionError -->
          <reporter-output>
          </reporter-output>
        </test-method> <!-- verify_field_blur_behavior -->
        <test-method is-config="true" signature="ensureLoginPage()[pri:0, instance:tests.LoginTest@6c0d7c83]" started-at="2026-09-14T17:32:06 IST" name="ensureLoginPage" finished-at="2026-09-14T17:32:16 IST" duration-ms="10154" status="PASS">
          <reporter-output>
          </reporter-output>
        </test-method> <!-- ensureLoginPage -->
        <test-method signature="verify_responsive_layout_resizing()[pri:38, instance:tests.LoginTest@6c0d7c83]" started-at="2026-09-14T17:32:16 IST" name="verify_responsive_layout_resizing" description="SLTC_038" finished-at="2026-09-14T17:32:17 IST" duration-ms="942" status="PASS">
          <reporter-output>
          </reporter-output>
        </test-method> <!-- verify_responsive_layout_resizing -->
        <test-method is-config="true" signature="ensureLoginPage()[pri:0, instance:tests.LoginTest@6c0d7c83]" started-at="2026-09-14T17:32:17 IST" name="ensureLoginPage" finished-at="2026-09-14T17:32:27 IST" duration-ms="10169" status="PASS">
          <reporter-output>
          </reporter-output>
        </test-method> <!-- ensureLoginPage -->
        <test-method signature="verify_browser_autofill_attributes()[pri:39, instance:tests.LoginTest@6c0d7c83]" started-at="2026-09-14T17:32:27 IST" name="verify_browser_autofill_attributes" description="SLTC_039" finished-at="2026-09-14T17:32:27 IST" duration-ms="78" status="PASS">
          <reporter-output>
          </reporter-output>
        </test-method> <!-- verify_browser_autofill_attributes -->
        <test-method is-config="true" signature="ensureLoginPage()[pri:0, instance:tests.LoginTest@6c0d7c83]" started-at="2026-09-14T17:32:27 IST" name="ensureLoginPage" finished-at="2026-09-14T17:32:37 IST" duration-ms="10156" status="PASS">
          <reporter-output>
          </reporter-output>
        </test-method> <!-- ensureLoginPage -->
        <test-method signature="verify_logo_navigation()[pri:40, instance:tests.LoginTest@6c0d7c83]" started-at="2026-09-14T17:32:37 IST" name="verify_logo_navigation" description="SLTC_040" finished-at="2026-09-14T17:32:42 IST" duration-ms="4997" status="PASS">
          <reporter-output>
          </reporter-output>
        </test-method> <!-- verify_logo_navigation -->
        <test-method is-config="true" signature="ensureLoginPage()[pri:0, instance:tests.LoginTest@6c0d7c83]" started-at="2026-09-14T17:32:42 IST" name="ensureLoginPage" finished-at="2026-09-14T17:32:57 IST" duration-ms="14679" status="PASS">
          <reporter-output>
          </reporter-output>
        </test-method> <!-- ensureLoginPage -->
        <test-method signature="verify_inactive_account_login()[pri:41, instance:tests.LoginTest@6c0d7c83]" started-at="2026-09-14T17:32:57 IST" name="verify_inactive_account_login" description="SLTC_041" finished-at="2026-09-14T17:33:20 IST" duration-ms="23280" status="PASS">
          <reporter-output>
          </reporter-output>
        </test-method> <!-- verify_inactive_account_login -->
        <test-method is-config="true" signature="ensureLoginPage()[pri:0, instance:tests.LoginTest@6c0d7c83]" started-at="2026-09-14T17:33:20 IST" name="ensureLoginPage" finished-at="2026-09-14T17:33:31 IST" duration-ms="10141" status="PASS">
          <reporter-output>
          </reporter-output>
        </test-method> <!-- ensureLoginPage -->
        <test-method signature="verify_session_timeout_expiration(java.lang.String,java.lang.String)[pri:42, instance:tests.LoginTest@6c0d7c83]" started-at="2026-09-14T17:33:31 IST" name="verify_session_timeout_expiration" description="SLTC_042" data-provider="getvalidData" finished-at="2026-09-14T17:33:51 IST" duration-ms="20114" status="PASS">
          <params>
            <param index="0">
              <value>
                <![CDATA[usersample@sample.com]]>
              </value>
            </param>
            <param index="1">
              <value>
                <![CDATA[usersample]]>
              </value>
            </param>
          </params>
          <reporter-output>
          </reporter-output>
        </test-method> <!-- verify_session_timeout_expiration -->
        <test-method is-config="true" signature="ensureLoginPage()[pri:0, instance:tests.LoginTest@6c0d7c83]" started-at="2026-09-14T17:33:51 IST" name="ensureLoginPage" finished-at="2026-09-14T17:34:01 IST" duration-ms="10135" status="PASS">
          <reporter-output>
          </reporter-output>
        </test-method> <!-- ensureLoginPage -->
        <test-method signature="verify_password_clipboard_paste()[pri:43, instance:tests.LoginTest@6c0d7c83]" started-at="2026-09-14T17:34:01 IST" name="verify_password_clipboard_paste" description="SLTC_043" finished-at="2026-09-14T17:34:01 IST" duration-ms="205" status="PASS">
          <reporter-output>
          </reporter-output>
        </test-method> <!-- verify_password_clipboard_paste -->
        <test-method is-config="true" signature="ensureLoginPage()[pri:0, instance:tests.LoginTest@6c0d7c83]" started-at="2026-09-14T17:34:01 IST" name="ensureLoginPage" finished-at="2026-09-14T17:34:11 IST" duration-ms="10125" status="PASS">
          <reporter-output>
          </reporter-output>
        </test-method> <!-- ensureLoginPage -->
        <test-method signature="verify_login_form_zoom_behavior()[pri:44, instance:tests.LoginTest@6c0d7c83]" started-at="2026-09-14T17:34:11 IST" name="verify_login_form_zoom_behavior" description="SLTC_044" finished-at="2026-09-14T17:34:11 IST" duration-ms="181" status="PASS">
          <reporter-output>
          </reporter-output>
        </test-method> <!-- verify_login_form_zoom_behavior -->
        <test-method is-config="true" signature="ensureLoginPage()[pri:0, instance:tests.LoginTest@6c0d7c83]" started-at="2026-09-14T17:34:11 IST" name="ensureLoginPage" finished-at="2026-09-14T17:34:21 IST" duration-ms="10126" status="PASS">
          <reporter-output>
          </reporter-output>
        </test-method> <!-- ensureLoginPage -->
        <test-method signature="verify_error_state_styling_on_invalid_field_inputs()[pri:45, instance:tests.LoginTest@6c0d7c83]" started-at="2026-09-14T17:34:21 IST" name="verify_error_state_styling_on_invalid_field_inputs" description="SLTC_045" finished-at="2026-09-14T17:34:22 IST" duration-ms="297" status="PASS">
          <reporter-output>
          </reporter-output>
        </test-method> <!-- verify_error_state_styling_on_invalid_field_inputs -->
        <test-method is-config="true" signature="ensureLoginPage()[pri:0, instance:tests.LoginTest@6c0d7c83]" started-at="2026-09-14T17:34:22 IST" name="ensureLoginPage" finished-at="2026-09-14T17:34:32 IST" duration-ms="10465" status="PASS">
          <reporter-output>
          </reporter-output>
        </test-method> <!-- ensureLoginPage -->
        <test-method signature="verify_login_persistence_when_browser_tab_duplicated(java.lang.String,java.lang.String)[pri:47, instance:tests.LoginTest@6c0d7c83]" started-at="2026-09-14T17:34:32 IST" name="verify_login_persistence_when_browser_tab_duplicated" description="SLTC_046" data-provider="getvalidData" finished-at="2026-09-14T17:34:42 IST" duration-ms="10079" status="PASS">
          <params>
            <param index="0">
              <value>
                <![CDATA[usersample@sample.com]]>
              </value>
            </param>
            <param index="1">
              <value>
                <![CDATA[usersample]]>
              </value>
            </param>
          </params>
          <reporter-output>
          </reporter-output>
        </test-method> <!-- verify_login_persistence_when_browser_tab_duplicated -->
        <test-method is-config="true" signature="ensureLoginPage()[pri:0, instance:tests.LoginTest@6c0d7c83]" started-at="2026-09-14T17:34:42 IST" name="ensureLoginPage" finished-at="2026-09-14T17:34:54 IST" duration-ms="11892" status="PASS">
          <reporter-output>
          </reporter-output>
        </test-method> <!-- ensureLoginPage -->
        <test-method signature="verifyForgotPasswordRecoveryFlow()[pri:48, instance:tests.LoginTest@6c0d7c83]" started-at="2026-09-14T17:34:54 IST" name="verifyForgotPasswordRecoveryFlow" description="SLTC_047" finished-at="2026-09-14T17:34:54 IST" duration-ms="35" status="FAIL">
          <exception class="java.lang.AssertionError">
            <message>
              <![CDATA[DEFECT FOUND [UI-MISSING-FEATURE]: 'Forgot Password?' link is missing on the login page (automationexercise.com/login). Users are unable to navigate to an email entry form to trigger a time-sensitive password recovery link. expected [true] but found [false]]]>
            </message>
            <full-stacktrace>
              <![CDATA[java.lang.AssertionError: DEFECT FOUND [UI-MISSING-FEATURE]: 'Forgot Password?' link is missing on the login page (automationexercise.com/login). Users are unable to navigate to an email entry form to trigger a time-sensitive password recovery link. expected [true] but found [false]
at org.testng.Assert.fail(Assert.java:111)
at org.testng.Assert.failNotEquals(Assert.java:1590)
at org.testng.Assert.assertTrue(Assert.java:57)
at tests.LoginTest.verifyForgotPasswordRecoveryFlow(LoginTest.java:1059)
at java.base/jdk.internal.reflect.DirectMethodHandleAccessor.invoke(DirectMethodHandleAccessor.java:103)
at java.base/java.lang.reflect.Method.invoke(Method.java:580)
at org.testng.internal.invokers.MethodInvocationHelper.invokeMethod(MethodInvocationHelper.java:141)
at org.testng.internal.invokers.TestInvoker.invokeMethod(TestInvoker.java:697)
at org.testng.internal.invokers.TestInvoker.invokeTestMethod(TestInvoker.java:230)
at org.testng.internal.invokers.MethodRunner.runInSequence(MethodRunner.java:63)
at org.testng.internal.invokers.TestInvoker$MethodInvocationAgent.invoke(TestInvoker.java:1005)
at org.testng.internal.invokers.TestInvoker.invokeTestMethods(TestInvoker.java:203)
at org.testng.internal.invokers.TestMethodWorker.invokeTestMethods(TestMethodWorker.java:154)
at org.testng.internal.invokers.TestMethodWorker.run(TestMethodWorker.java:134)
at java.base/java.util.ArrayList.forEach(ArrayList.java:1596)
at org.testng.TestRunner.privateRun(TestRunner.java:744)
at org.testng.TestRunner.run(TestRunner.java:616)
at org.testng.SuiteRunner.runTest(SuiteRunner.java:421)
at org.testng.SuiteRunner.runSequentially(SuiteRunner.java:413)
at org.testng.SuiteRunner.privateRun(SuiteRunner.java:373)
at org.testng.SuiteRunner.run(SuiteRunner.java:312)
at org.testng.SuiteRunnerWorker.runSuite(SuiteRunnerWorker.java:52)
at org.testng.SuiteRunnerWorker.run(SuiteRunnerWorker.java:95)
at org.testng.TestNG.runSuitesSequentially(TestNG.java:1274)
at org.testng.TestNG.runSuitesLocally(TestNG.java:1208)
at org.testng.TestNG.runSuites(TestNG.java:1112)
at org.testng.TestNG.run(TestNG.java:1079)
at org.testng.remote.AbstractRemoteTestNG.run(AbstractRemoteTestNG.java:115)
at org.testng.remote.RemoteTestNG.initAndRun(RemoteTestNG.java:293)
at org.testng.remote.RemoteTestNG.main(RemoteTestNG.java:91)
]]>
            </full-stacktrace>
          </exception> <!-- java.lang.AssertionError -->
          <reporter-output>
          </reporter-output>
        </test-method> <!-- verifyForgotPasswordRecoveryFlow -->
        <test-method is-config="true" signature="drop()[pri:0, instance:tests.LoginTest@6c0d7c83]" started-at="2026-09-14T17:34:54 IST" name="drop" finished-at="2026-09-14T17:34:56 IST" duration-ms="2036" status="PASS">
          <reporter-output>
          </reporter-output>
        </test-method> <!-- drop -->
      </class> <!-- tests.LoginTest -->
      <class name="tests.TestCaseTest">
        <test-method is-config="true" signature="setup(java.lang.String)[pri:0, instance:tests.TestCaseTest@71e693fa]" started-at="2026-09-14T18:36:12 IST" name="setup" finished-at="2026-09-14T18:36:21 IST" duration-ms="8923" status="PASS">
          <params>
            <param index="0">
              <value>
                <![CDATA[chrome]]>
              </value>
            </param>
          </params>
          <reporter-output>
          </reporter-output>
        </test-method> <!-- setup -->
        <test-method is-config="true" signature="initPages()[pri:0, instance:tests.TestCaseTest@71e693fa]" started-at="2026-09-14T18:36:21 IST" name="initPages" finished-at="2026-09-14T18:36:21 IST" duration-ms="19" status="PASS">
          <reporter-output>
          </reporter-output>
        </test-method> <!-- initPages -->
        <test-method is-config="true" signature="ensureHomePage()[pri:0, instance:tests.TestCaseTest@71e693fa]" started-at="2026-09-14T18:36:21 IST" name="ensureHomePage" finished-at="2026-09-14T18:36:36 IST" duration-ms="14540" status="PASS">
          <reporter-output>
          </reporter-output>
        </test-method> <!-- ensureHomePage -->
        <test-method signature="test_VerifyNavigationToTestCasesPage()[pri:1, instance:tests.TestCaseTest@71e693fa]" started-at="2026-09-14T18:36:36 IST" name="test_VerifyNavigationToTestCasesPage" description="TCP_001" finished-at="2026-09-14T18:36:36 IST" duration-ms="42" status="PASS">
          <reporter-output>
          </reporter-output>
        </test-method> <!-- test_VerifyNavigationToTestCasesPage -->
        <test-method is-config="true" signature="ensureHomePage()[pri:0, instance:tests.TestCaseTest@71e693fa]" started-at="2026-09-14T18:36:36 IST" name="ensureHomePage" finished-at="2026-09-14T18:36:47 IST" duration-ms="10531" status="PASS">
          <reporter-output>
          </reporter-output>
        </test-method> <!-- ensureHomePage -->
        <test-method signature="verify_AccordionItemsList_Display()[pri:2, instance:tests.TestCaseTest@71e693fa]" started-at="2026-09-14T18:36:47 IST" name="verify_AccordionItemsList_Display" description="TCP_002" finished-at="2026-09-14T18:36:47 IST" duration-ms="593" status="PASS">
          <reporter-output>
          </reporter-output>
        </test-method> <!-- verify_AccordionItemsList_Display -->
        <test-method is-config="true" signature="ensureHomePage()[pri:0, instance:tests.TestCaseTest@71e693fa]" started-at="2026-09-14T18:36:47 IST" name="ensureHomePage" finished-at="2026-09-14T18:36:57 IST" duration-ms="10057" status="PASS">
          <reporter-output>
          </reporter-output>
        </test-method> <!-- ensureHomePage -->
        <test-method signature="verifyAccordionExpandCollapse()[pri:3, instance:tests.TestCaseTest@71e693fa]" started-at="2026-09-14T18:36:57 IST" name="verifyAccordionExpandCollapse" description="TCP_003" finished-at="2026-09-14T18:37:00 IST" duration-ms="2396" status="PASS">
          <reporter-output>
          </reporter-output>
        </test-method> <!-- verifyAccordionExpandCollapse -->
        <test-method is-config="true" signature="ensureHomePage()[pri:0, instance:tests.TestCaseTest@71e693fa]" started-at="2026-09-14T18:37:00 IST" name="ensureHomePage" finished-at="2026-09-14T18:37:10 IST" duration-ms="10156" status="PASS">
          <reporter-output>
          </reporter-output>
        </test-method> <!-- ensureHomePage -->
        <test-method signature="verifyFeedbackSectionLinks()[pri:4, instance:tests.TestCaseTest@71e693fa]" started-at="2026-09-14T18:37:10 IST" name="verifyFeedbackSectionLinks" description="TCP_004" finished-at="2026-09-14T18:37:10 IST" duration-ms="180" status="PASS">
          <reporter-output>
          </reporter-output>
        </test-method> <!-- verifyFeedbackSectionLinks -->
        <test-method is-config="true" signature="ensureHomePage()[pri:0, instance:tests.TestCaseTest@71e693fa]" started-at="2026-09-14T18:37:10 IST" name="ensureHomePage" finished-at="2026-09-14T18:37:20 IST" duration-ms="10407" status="PASS">
          <reporter-output>
          </reporter-output>
        </test-method> <!-- ensureHomePage -->
        <test-method signature="verifyFooterSubscription()[pri:5, instance:tests.TestCaseTest@71e693fa]" started-at="2026-09-14T18:37:20 IST" name="verifyFooterSubscription" description="TCP_005" finished-at="2026-09-14T18:37:21 IST" duration-ms="215" status="PASS">
          <reporter-output>
          </reporter-output>
        </test-method> <!-- verifyFooterSubscription -->
        <test-method is-config="true" signature="ensureHomePage()[pri:0, instance:tests.TestCaseTest@71e693fa]" started-at="2026-09-14T18:37:21 IST" name="ensureHomePage" finished-at="2026-09-14T18:37:31 IST" duration-ms="10099" status="PASS">
          <reporter-output>
          </reporter-output>
        </test-method> <!-- ensureHomePage -->
        <test-method signature="verify_BottomToTop_ScrollArrowButton()[pri:6, instance:tests.TestCaseTest@71e693fa]" started-at="2026-09-14T18:37:31 IST" name="verify_BottomToTop_ScrollArrowButton" description="TCP_006" finished-at="2026-09-14T18:37:33 IST" duration-ms="2622" status="PASS">
          <reporter-output>
          </reporter-output>
        </test-method> <!-- verify_BottomToTop_ScrollArrowButton -->
        <test-method is-config="true" signature="ensureHomePage()[pri:0, instance:tests.TestCaseTest@71e693fa]" started-at="2026-09-14T18:37:33 IST" name="ensureHomePage" finished-at="2026-09-14T18:37:43 IST" duration-ms="10119" status="PASS">
          <reporter-output>
          </reporter-output>
        </test-method> <!-- ensureHomePage -->
        <test-method signature="verify_HeaderNavigationLinks_Visible()[pri:7, instance:tests.TestCaseTest@71e693fa]" started-at="2026-09-14T18:37:43 IST" name="verify_HeaderNavigationLinks_Visible" description="TCP_007" finished-at="2026-09-14T18:40:20 IST" duration-ms="156237" status="PASS">
          <reporter-output>
          </reporter-output>
        </test-method> <!-- verify_HeaderNavigationLinks_Visible -->
        <test-method is-config="true" signature="ensureHomePage()[pri:0, instance:tests.TestCaseTest@71e693fa]" started-at="2026-09-14T18:40:20 IST" name="ensureHomePage" finished-at="2026-09-14T18:40:35 IST" duration-ms="15523" status="PASS">
          <reporter-output>
          </reporter-output>
        </test-method> <!-- ensureHomePage -->
        <test-method signature="verifyMultipleAccordionItemsExpansionBehavior()[pri:8, instance:tests.TestCaseTest@71e693fa]" started-at="2026-09-14T18:40:35 IST" name="verifyMultipleAccordionItemsExpansionBehavior" description="TCP_-008" finished-at="2026-09-14T18:40:37 IST" duration-ms="1398" status="PASS">
          <reporter-output>
          </reporter-output>
        </test-method> <!-- verifyMultipleAccordionItemsExpansionBehavior -->
        <test-method is-config="true" signature="ensureHomePage()[pri:0, instance:tests.TestCaseTest@71e693fa]" started-at="2026-09-14T18:40:37 IST" name="ensureHomePage" finished-at="2026-09-14T18:40:47 IST" duration-ms="10134" status="PASS">
          <reporter-output>
          </reporter-output>
        </test-method> <!-- ensureHomePage -->
        <test-method signature="verify_Accordion_KeyboardNavigation_Accessibility()[pri:9, instance:tests.TestCaseTest@71e693fa]" started-at="2026-09-14T18:40:47 IST" name="verify_Accordion_KeyboardNavigation_Accessibility" description="TCP_009" finished-at="2026-09-14T18:40:47 IST" duration-ms="313" status="PASS">
          <reporter-output>
          </reporter-output>
        </test-method> <!-- verify_Accordion_KeyboardNavigation_Accessibility -->
        <test-method is-config="true" signature="ensureHomePage()[pri:0, instance:tests.TestCaseTest@71e693fa]" started-at="2026-09-14T18:40:47 IST" name="ensureHomePage" finished-at="2026-09-14T18:40:57 IST" duration-ms="10143" status="PASS">
          <reporter-output>
          </reporter-output>
        </test-method> <!-- ensureHomePage -->
        <test-method signature="verify_DiscoverMore_LinkRedirection()[pri:10, instance:tests.TestCaseTest@71e693fa]" started-at="2026-09-14T18:40:57 IST" name="verify_DiscoverMore_LinkRedirection" description="TCP_010" finished-at="2026-09-14T18:40:57 IST" duration-ms="126" status="FAIL">
          <exception class="java.lang.AssertionError">
            <message>
              <![CDATA['Discover More' link is not displayed on the Test Cases page. expected [true] but found [false]]]>
            </message>
            <full-stacktrace>
              <![CDATA[java.lang.AssertionError: 'Discover More' link is not displayed on the Test Cases page. expected [true] but found [false]
at org.testng.Assert.fail(Assert.java:111)
at org.testng.Assert.failNotEquals(Assert.java:1590)
at org.testng.Assert.assertTrue(Assert.java:57)
at tests.TestCaseTest.verify_DiscoverMore_LinkRedirection(TestCaseTest.java:334)
at java.base/jdk.internal.reflect.DirectMethodHandleAccessor.invoke(DirectMethodHandleAccessor.java:103)
at java.base/java.lang.reflect.Method.invoke(Method.java:580)
at org.testng.internal.invokers.MethodInvocationHelper.invokeMethod(MethodInvocationHelper.java:141)
at org.testng.internal.invokers.TestInvoker.invokeMethod(TestInvoker.java:697)
at org.testng.internal.invokers.TestInvoker.invokeTestMethod(TestInvoker.java:230)
at org.testng.internal.invokers.MethodRunner.runInSequence(MethodRunner.java:63)
at org.testng.internal.invokers.TestInvoker$MethodInvocationAgent.invoke(TestInvoker.java:1005)
at org.testng.internal.invokers.TestInvoker.invokeTestMethods(TestInvoker.java:203)
at org.testng.internal.invokers.TestMethodWorker.invokeTestMethods(TestMethodWorker.java:154)
at org.testng.internal.invokers.TestMethodWorker.run(TestMethodWorker.java:134)
at java.base/java.util.ArrayList.forEach(ArrayList.java:1596)
at org.testng.TestRunner.privateRun(TestRunner.java:744)
at org.testng.TestRunner.run(TestRunner.java:616)
at org.testng.SuiteRunner.runTest(SuiteRunner.java:421)
at org.testng.SuiteRunner.runSequentially(SuiteRunner.java:413)
at org.testng.SuiteRunner.privateRun(SuiteRunner.java:373)
at org.testng.SuiteRunner.run(SuiteRunner.java:312)
at org.testng.SuiteRunnerWorker.runSuite(SuiteRunnerWorker.java:52)
at org.testng.SuiteRunnerWorker.run(SuiteRunnerWorker.java:95)
at org.testng.TestNG.runSuitesSequentially(TestNG.java:1274)
at org.testng.TestNG.runSuitesLocally(TestNG.java:1208)
at org.testng.TestNG.runSuites(TestNG.java:1112)
at org.testng.TestNG.run(TestNG.java:1079)
at org.testng.remote.AbstractRemoteTestNG.run(AbstractRemoteTestNG.java:115)
at org.testng.remote.RemoteTestNG.initAndRun(RemoteTestNG.java:293)
at org.testng.remote.RemoteTestNG.main(RemoteTestNG.java:91)
]]>
            </full-stacktrace>
          </exception> <!-- java.lang.AssertionError -->
          <reporter-output>
          </reporter-output>
        </test-method> <!-- verify_DiscoverMore_LinkRedirection -->
        <test-method is-config="true" signature="ensureHomePage()[pri:0, instance:tests.TestCaseTest@71e693fa]" started-at="2026-09-14T18:40:57 IST" name="ensureHomePage" finished-at="2026-09-14T18:41:07 IST" duration-ms="10143" status="PASS">
          <reporter-output>
          </reporter-output>
        </test-method> <!-- ensureHomePage -->
        <test-method signature="test_VerifyPageStateOnBrowserReload()[pri:11, instance:tests.TestCaseTest@71e693fa]" started-at="2026-09-14T18:41:07 IST" name="test_VerifyPageStateOnBrowserReload" description="TCP_011" finished-at="2026-09-14T18:41:10 IST" duration-ms="2442" status="PASS">
          <reporter-output>
          </reporter-output>
        </test-method> <!-- test_VerifyPageStateOnBrowserReload -->
        <test-method is-config="true" signature="ensureHomePage()[pri:0, instance:tests.TestCaseTest@71e693fa]" started-at="2026-09-14T18:41:10 IST" name="ensureHomePage" finished-at="2026-09-14T18:41:20 IST" duration-ms="10164" status="PASS">
          <reporter-output>
          </reporter-output>
        </test-method> <!-- ensureHomePage -->
        <test-method signature="verifyDevToolsBadgeDisplayAndBehavior()[pri:12, instance:tests.TestCaseTest@71e693fa]" started-at="2026-09-14T18:41:20 IST" name="verifyDevToolsBadgeDisplayAndBehavior" description="TCP_012" finished-at="2026-09-14T18:41:20 IST" duration-ms="110" status="PASS">
          <reporter-output>
          </reporter-output>
        </test-method> <!-- verifyDevToolsBadgeDisplayAndBehavior -->
        <test-method is-config="true" signature="ensureHomePage()[pri:0, instance:tests.TestCaseTest@71e693fa]" started-at="2026-09-14T18:41:20 IST" name="ensureHomePage" finished-at="2026-09-14T18:41:30 IST" duration-ms="10170" status="PASS">
          <reporter-output>
          </reporter-output>
        </test-method> <!-- ensureHomePage -->
        <test-method signature="verifyInstructionTextPresenceColorAndPositioning()[pri:13, instance:tests.TestCaseTest@71e693fa]" started-at="2026-09-14T18:41:30 IST" name="verifyInstructionTextPresenceColorAndPositioning" description="TCP_0013" finished-at="2026-09-14T18:41:30 IST" duration-ms="110" status="PASS">
          <reporter-output>
          </reporter-output>
        </test-method> <!-- verifyInstructionTextPresenceColorAndPositioning -->
        <test-method is-config="true" signature="ensureHomePage()[pri:0, instance:tests.TestCaseTest@71e693fa]" started-at="2026-09-14T18:41:30 IST" name="ensureHomePage" finished-at="2026-09-14T18:41:41 IST" duration-ms="10158" status="PASS">
          <reporter-output>
          </reporter-output>
        </test-method> <!-- ensureHomePage -->
        <test-method signature="testCopyEmailAddressFunctionalityFailure()[pri:14, instance:tests.TestCaseTest@71e693fa]" started-at="2026-09-14T18:41:41 IST" name="testCopyEmailAddressFunctionalityFailure" description="TCP_014" finished-at="2026-09-14T18:41:41 IST" duration-ms="681" status="PASS">
          <reporter-output>
          </reporter-output>
        </test-method> <!-- testCopyEmailAddressFunctionalityFailure -->
        <test-method is-config="true" signature="ensureHomePage()[pri:0, instance:tests.TestCaseTest@71e693fa]" started-at="2026-09-14T18:41:41 IST" name="ensureHomePage" finished-at="2026-09-14T18:41:51 IST" duration-ms="10126" status="PASS">
          <reporter-output>
          </reporter-output>
        </test-method> <!-- ensureHomePage -->
        <test-method signature="verify_RapidMultipleClicks_OnLink()[pri:15, instance:tests.TestCaseTest@71e693fa]" started-at="2026-09-14T18:41:51 IST" name="verify_RapidMultipleClicks_OnLink" description="TCP_015" finished-at="2026-09-14T18:42:40 IST" duration-ms="48197" status="PASS">
          <reporter-output>
          </reporter-output>
        </test-method> <!-- verify_RapidMultipleClicks_OnLink -->
        <test-method is-config="true" signature="ensureHomePage()[pri:0, instance:tests.TestCaseTest@71e693fa]" started-at="2026-09-14T18:42:40 IST" name="ensureHomePage" finished-at="2026-09-14T18:42:52 IST" duration-ms="12338" status="PASS">
          <reporter-output>
          </reporter-output>
        </test-method> <!-- ensureHomePage -->
        <test-method signature="verifyInstructionTextBeforeaccordionList()[pri:16, instance:tests.TestCaseTest@71e693fa]" started-at="2026-09-14T18:42:52 IST" name="verifyInstructionTextBeforeaccordionList" description="TCP_016" finished-at="2026-09-14T18:42:52 IST" duration-ms="109" status="PASS">
          <reporter-output>
          </reporter-output>
        </test-method> <!-- verifyInstructionTextBeforeaccordionList -->
        <test-method is-config="true" signature="ensureHomePage()[pri:0, instance:tests.TestCaseTest@71e693fa]" started-at="2026-09-14T18:42:52 IST" name="ensureHomePage" finished-at="2026-09-14T18:43:02 IST" duration-ms="10187" status="PASS">
          <reporter-output>
          </reporter-output>
        </test-method> <!-- ensureHomePage -->
        <test-method signature="verify_TestStepsSequenceUnderTestScenarios()[pri:17, instance:tests.TestCaseTest@71e693fa]" started-at="2026-09-14T18:43:02 IST" name="verify_TestStepsSequenceUnderTestScenarios" description="TCP_017" finished-at="2026-09-14T18:43:23 IST" duration-ms="20577" status="PASS">
          <reporter-output>
          </reporter-output>
        </test-method> <!-- verify_TestStepsSequenceUnderTestScenarios -->
        <test-method is-config="true" signature="ensureHomePage()[pri:0, instance:tests.TestCaseTest@71e693fa]" started-at="2026-09-14T18:43:23 IST" name="ensureHomePage" finished-at="2026-09-14T18:43:33 IST" duration-ms="10133" status="PASS">
          <reporter-output>
          </reporter-output>
        </test-method> <!-- ensureHomePage -->
        <test-method signature="verify_RedInstructionTextClick_DoesNotLeadToErrorPage()[pri:18, instance:tests.TestCaseTest@71e693fa]" started-at="2026-09-14T18:43:33 IST" name="verify_RedInstructionTextClick_DoesNotLeadToErrorPage" description="TCP_018" finished-at="2026-09-14T18:43:33 IST" duration-ms="252" status="PASS">
          <reporter-output>
          </reporter-output>
        </test-method> <!-- verify_RedInstructionTextClick_DoesNotLeadToErrorPage -->
        <test-method is-config="true" signature="ensureHomePage()[pri:0, instance:tests.TestCaseTest@71e693fa]" started-at="2026-09-14T18:43:33 IST" name="ensureHomePage" finished-at="2026-09-14T18:43:43 IST" duration-ms="10171" status="PASS">
          <reporter-output>
          </reporter-output>
        </test-method> <!-- ensureHomePage -->
        <test-method signature="verifyFooterSubscriptionemailFormat()[pri:19, instance:tests.TestCaseTest@71e693fa]" started-at="2026-09-14T18:43:43 IST" name="verifyFooterSubscriptionemailFormat" description="TCP_019" finished-at="2026-09-14T18:43:44 IST" duration-ms="409" status="PASS">
          <reporter-output>
          </reporter-output>
        </test-method> <!-- verifyFooterSubscriptionemailFormat -->
        <test-method is-config="true" signature="ensureHomePage()[pri:0, instance:tests.TestCaseTest@71e693fa]" started-at="2026-09-14T18:43:44 IST" name="ensureHomePage" finished-at="2026-09-14T18:43:54 IST" duration-ms="10183" status="PASS">
          <reporter-output>
          </reporter-output>
        </test-method> <!-- ensureHomePage -->
        <test-method signature="verifyFooterSubscriptionPersistenceOnRefresh()[pri:20, instance:tests.TestCaseTest@71e693fa]" started-at="2026-09-14T18:43:54 IST" name="verifyFooterSubscriptionPersistenceOnRefresh" description="TCP_020" finished-at="2026-09-14T18:43:58 IST" duration-ms="4164" status="FAIL">
          <exception class="java.lang.AssertionError">
            <message>
              <![CDATA[The email address disappeared or changed after page refresh. expected [testuser_1789391634513@example.com] but found []]]>
            </message>
            <full-stacktrace>
              <![CDATA[java.lang.AssertionError: The email address disappeared or changed after page refresh. expected [testuser_1789391634513@example.com] but found []
at org.testng.Assert.fail(Assert.java:111)
at org.testng.Assert.failNotEquals(Assert.java:1590)
at org.testng.Assert.assertEqualsImpl(Assert.java:150)
at org.testng.Assert.assertEquals(Assert.java:132)
at org.testng.Assert.assertEquals(Assert.java:656)
at tests.TestCaseTest.verifyFooterSubscriptionPersistenceOnRefresh(TestCaseTest.java:640)
at java.base/jdk.internal.reflect.DirectMethodHandleAccessor.invoke(DirectMethodHandleAccessor.java:103)
at java.base/java.lang.reflect.Method.invoke(Method.java:580)
at org.testng.internal.invokers.MethodInvocationHelper.invokeMethod(MethodInvocationHelper.java:141)
at org.testng.internal.invokers.TestInvoker.invokeMethod(TestInvoker.java:697)
at org.testng.internal.invokers.TestInvoker.invokeTestMethod(TestInvoker.java:230)
at org.testng.internal.invokers.MethodRunner.runInSequence(MethodRunner.java:63)
at org.testng.internal.invokers.TestInvoker$MethodInvocationAgent.invoke(TestInvoker.java:1005)
at org.testng.internal.invokers.TestInvoker.invokeTestMethods(TestInvoker.java:203)
at org.testng.internal.invokers.TestMethodWorker.invokeTestMethods(TestMethodWorker.java:154)
at org.testng.internal.invokers.TestMethodWorker.run(TestMethodWorker.java:134)
at java.base/java.util.ArrayList.forEach(ArrayList.java:1596)
at org.testng.TestRunner.privateRun(TestRunner.java:744)
at org.testng.TestRunner.run(TestRunner.java:616)
at org.testng.SuiteRunner.runTest(SuiteRunner.java:421)
at org.testng.SuiteRunner.runSequentially(SuiteRunner.java:413)
at org.testng.SuiteRunner.privateRun(SuiteRunner.java:373)
at org.testng.SuiteRunner.run(SuiteRunner.java:312)
at org.testng.SuiteRunnerWorker.runSuite(SuiteRunnerWorker.java:52)
at org.testng.SuiteRunnerWorker.run(SuiteRunnerWorker.java:95)
at org.testng.TestNG.runSuitesSequentially(TestNG.java:1274)
at org.testng.TestNG.runSuitesLocally(TestNG.java:1208)
at org.testng.TestNG.runSuites(TestNG.java:1112)
at org.testng.TestNG.run(TestNG.java:1079)
at org.testng.remote.AbstractRemoteTestNG.run(AbstractRemoteTestNG.java:115)
at org.testng.remote.RemoteTestNG.initAndRun(RemoteTestNG.java:293)
at org.testng.remote.RemoteTestNG.main(RemoteTestNG.java:91)
]]>
            </full-stacktrace>
          </exception> <!-- java.lang.AssertionError -->
          <reporter-output>
          </reporter-output>
        </test-method> <!-- verifyFooterSubscriptionPersistenceOnRefresh -->
        <test-method is-config="true" signature="ensureHomePage()[pri:0, instance:tests.TestCaseTest@71e693fa]" started-at="2026-09-14T18:43:58 IST" name="ensureHomePage" finished-at="2026-09-14T18:44:08 IST" duration-ms="10155" status="PASS">
          <reporter-output>
          </reporter-output>
        </test-method> <!-- ensureHomePage -->
        <test-method signature="test_VerifyStepsVisibilityPersistsOnRefresh()[pri:21, instance:tests.TestCaseTest@71e693fa]" started-at="2026-09-14T18:44:08 IST" name="test_VerifyStepsVisibilityPersistsOnRefresh" description="TCP_021" finished-at="2026-09-14T18:44:12 IST" duration-ms="3787" status="FAIL">
          <exception class="java.lang.AssertionError">
            <message>
              <![CDATA[Test scenario steps visibility did not persist after page refresh. expected [true] but found [false]]]>
            </message>
            <full-stacktrace>
              <![CDATA[java.lang.AssertionError: Test scenario steps visibility did not persist after page refresh. expected [true] but found [false]
at org.testng.Assert.fail(Assert.java:111)
at org.testng.Assert.failNotEquals(Assert.java:1590)
at org.testng.Assert.assertTrue(Assert.java:57)
at tests.TestCaseTest.test_VerifyStepsVisibilityPersistsOnRefresh(TestCaseTest.java:682)
at java.base/jdk.internal.reflect.DirectMethodHandleAccessor.invoke(DirectMethodHandleAccessor.java:103)
at java.base/java.lang.reflect.Method.invoke(Method.java:580)
at org.testng.internal.invokers.MethodInvocationHelper.invokeMethod(MethodInvocationHelper.java:141)
at org.testng.internal.invokers.TestInvoker.invokeMethod(TestInvoker.java:697)
at org.testng.internal.invokers.TestInvoker.invokeTestMethod(TestInvoker.java:230)
at org.testng.internal.invokers.MethodRunner.runInSequence(MethodRunner.java:63)
at org.testng.internal.invokers.TestInvoker$MethodInvocationAgent.invoke(TestInvoker.java:1005)
at org.testng.internal.invokers.TestInvoker.invokeTestMethods(TestInvoker.java:203)
at org.testng.internal.invokers.TestMethodWorker.invokeTestMethods(TestMethodWorker.java:154)
at org.testng.internal.invokers.TestMethodWorker.run(TestMethodWorker.java:134)
at java.base/java.util.ArrayList.forEach(ArrayList.java:1596)
at org.testng.TestRunner.privateRun(TestRunner.java:744)
at org.testng.TestRunner.run(TestRunner.java:616)
at org.testng.SuiteRunner.runTest(SuiteRunner.java:421)
at org.testng.SuiteRunner.runSequentially(SuiteRunner.java:413)
at org.testng.SuiteRunner.privateRun(SuiteRunner.java:373)
at org.testng.SuiteRunner.run(SuiteRunner.java:312)
at org.testng.SuiteRunnerWorker.runSuite(SuiteRunnerWorker.java:52)
at org.testng.SuiteRunnerWorker.run(SuiteRunnerWorker.java:95)
at org.testng.TestNG.runSuitesSequentially(TestNG.java:1274)
at org.testng.TestNG.runSuitesLocally(TestNG.java:1208)
at org.testng.TestNG.runSuites(TestNG.java:1112)
at org.testng.TestNG.run(TestNG.java:1079)
at org.testng.remote.AbstractRemoteTestNG.run(AbstractRemoteTestNG.java:115)
at org.testng.remote.RemoteTestNG.initAndRun(RemoteTestNG.java:293)
at org.testng.remote.RemoteTestNG.main(RemoteTestNG.java:91)
]]>
            </full-stacktrace>
          </exception> <!-- java.lang.AssertionError -->
          <reporter-output>
          </reporter-output>
        </test-method> <!-- test_VerifyStepsVisibilityPersistsOnRefresh -->
        <test-method is-config="true" signature="ensureHomePage()[pri:0, instance:tests.TestCaseTest@71e693fa]" started-at="2026-09-14T18:44:12 IST" name="ensureHomePage" finished-at="2026-09-14T18:44:22 IST" duration-ms="10203" status="PASS">
          <reporter-output>
          </reporter-output>
        </test-method> <!-- ensureHomePage -->
[...]
          <exception class="java.lang.AssertionError">
            <message>
              <![CDATA[BUG DETECTED: The external website link opened in a new tab/window instead of navigating within the current browser tab. Total window handles: 2 expected [true] but found [false]]]>
            </message>
            <full-stacktrace>
              <![CDATA[java.lang.AssertionError: BUG DETECTED: The external website link opened in a new tab/window instead of navigating within the current browser tab. Total window handles: 2 expected [true] but found [false]
at org.testng.Assert.fail(Assert.java:111)
at org.testng.Assert.failNotEquals(Assert.java:1590)
at org.testng.Assert.assertTrue(Assert.java:57)
at tests.TutorialsTest.VTTC_025_VerifyExternalWebsiteLinkOpensInNewTab(TutorialsTest.java:441)
at java.base/jdk.internal.reflect.DirectMethodHandleAccessor.invoke(DirectMethodHandleAccessor.java:103)
at java.base/java.lang.reflect.Method.invoke(Method.java:580)
at org.testng.internal.invokers.MethodInvocationHelper.invokeMethod(MethodInvocationHelper.java:141)
at org.testng.internal.invokers.TestInvoker.invokeMethod(TestInvoker.java:697)
at org.testng.internal.invokers.TestInvoker.invokeTestMethod(TestInvoker.java:230)
at org.testng.internal.invokers.MethodRunner.runInSequence(MethodRunner.java:63)
at org.testng.internal.invokers.TestInvoker$MethodInvocationAgent.invoke(TestInvoker.java:1005)
at org.testng.internal.invokers.TestInvoker.invokeTestMethods(TestInvoker.java:203)
at org.testng.internal.invokers.TestMethodWorker.invokeTestMethods(TestMethodWorker.java:154)
at org.testng.internal.invokers.TestMethodWorker.run(TestMethodWorker.java:134)
at java.base/java.util.ArrayList.forEach(ArrayList.java:1596)
at org.testng.TestRunner.privateRun(TestRunner.java:744)
at org.testng.TestRunner.run(TestRunner.java:616)
at org.testng.SuiteRunner.runTest(SuiteRunner.java:421)
at org.testng.SuiteRunner.runSequentially(SuiteRunner.java:413)
at org.testng.SuiteRunner.privateRun(SuiteRunner.java:373)
at org.testng.SuiteRunner.run(SuiteRunner.java:312)
at org.testng.SuiteRunnerWorker.runSuite(SuiteRunnerWorker.java:52)
at org.testng.SuiteRunnerWorker.run(SuiteRunnerWorker.java:95)
at org.testng.TestNG.runSuitesSequentially(TestNG.java:1274)
at org.testng.TestNG.runSuitesLocally(TestNG.java:1208)
at org.testng.TestNG.runSuites(TestNG.java:1112)
at org.testng.TestNG.run(TestNG.java:1079)
at org.testng.remote.AbstractRemoteTestNG.run(AbstractRemoteTestNG.java:115)
at org.testng.remote.RemoteTestNG.initAndRun(RemoteTestNG.java:293)
at org.testng.remote.RemoteTestNG.main(RemoteTestNG.java:91)
]]>
            </full-stacktrace>
          </exception> <!-- java.lang.AssertionError -->
          <reporter-output>
          </reporter-output>
        </test-method> <!-- VTTC_025_VerifyExternalWebsiteLinkOpensInNewTab -->
        <test-method is-config="true" signature="ensureVideoTurialsPage()[pri:0, instance:tests.TutorialsTest@3eb77ea8]" started-at="2026-09-14T18:45:02 IST" name="ensureVideoTurialsPage" finished-at="2026-09-14T18:45:02 IST" duration-ms="10" status="PASS">
          <reporter-output>
          </reporter-output>
        </test-method> <!-- ensureVideoTurialsPage -->
        <test-method signature="VTTC_001_VerifyNavigationToVideoTutorials()[pri:1, instance:tests.TutorialsTest@3eb77ea8]" started-at="2026-09-14T18:45:02 IST" name="VTTC_001_VerifyNavigationToVideoTutorials" description="VTTC_001" finished-at="2026-09-14T18:45:02 IST" duration-ms="10" status="PASS">
          <reporter-output>
          </reporter-output>
        </test-method> <!-- VTTC_001_VerifyNavigationToVideoTutorials -->
        <test-method is-config="true" signature="ensureVideoTurialsPage()[pri:0, instance:tests.TutorialsTest@3eb77ea8]" started-at="2026-09-14T18:45:02 IST" name="ensureVideoTurialsPage" finished-at="2026-09-14T18:45:02 IST" duration-ms="10" status="PASS">
          <reporter-output>
          </reporter-output>
        </test-method> <!-- ensureVideoTurialsPage -->
        <test-method signature="VTTC_002_VerifyChannelHeaderDetails()[pri:2, instance:tests.TutorialsTest@3eb77ea8]" started-at="2026-09-14T18:45:02 IST" name="VTTC_002_VerifyChannelHeaderDetails" description="VTTC_002 " finished-at="2026-09-14T18:45:03 IST" duration-ms="110" status="PASS">
          <reporter-output>
          </reporter-output>
        </test-method> <!-- VTTC_002_VerifyChannelHeaderDetails -->
        <test-method is-config="true" signature="ensureVideoTurialsPage()[pri:0, instance:tests.TutorialsTest@3eb77ea8]" started-at="2026-09-14T18:45:03 IST" name="ensureVideoTurialsPage" finished-at="2026-09-14T18:45:03 IST" duration-ms="9" status="PASS">
          <reporter-output>
          </reporter-output>
        </test-method> <!-- ensureVideoTurialsPage -->
        <test-method signature="VTTC_003_VerifySubscribeButtonUnauthenticated()[pri:3, instance:tests.TutorialsTest@3eb77ea8]" started-at="2026-09-14T18:45:03 IST" name="VTTC_003_VerifySubscribeButtonUnauthenticated" description="VTTC_003" finished-at="2026-09-14T18:45:03 IST" duration-ms="100" status="PASS">
          <reporter-output>
          </reporter-output>
        </test-method> <!-- VTTC_003_VerifySubscribeButtonUnauthenticated -->
        <test-method is-config="true" signature="ensureVideoTurialsPage()[pri:0, instance:tests.TutorialsTest@3eb77ea8]" started-at="2026-09-14T18:45:03 IST" name="ensureVideoTurialsPage" finished-at="2026-09-14T18:45:03 IST" duration-ms="10" status="PASS">
          <reporter-output>
          </reporter-output>
        </test-method> <!-- ensureVideoTurialsPage -->
        <test-method signature="VTTC_004_VerifyNavigationTabs()[pri:4, instance:tests.TutorialsTest@3eb77ea8]" started-at="2026-09-14T18:45:03 IST" name="VTTC_004_VerifyNavigationTabs" description="VTTC_004" finished-at="2026-09-14T18:45:05 IST" duration-ms="1800" status="PASS">
          <reporter-output>
          </reporter-output>
        </test-method> <!-- VTTC_004_VerifyNavigationTabs -->
        <test-method is-config="true" signature="ensureVideoTurialsPage()[pri:0, instance:tests.TutorialsTest@3eb77ea8]" started-at="2026-09-14T18:45:05 IST" name="ensureVideoTurialsPage" finished-at="2026-09-14T18:45:05 IST" duration-ms="10" status="PASS">
          <reporter-output>
          </reporter-output>
        </test-method> <!-- ensureVideoTurialsPage -->
        <test-method signature="VTTC_005_VerifyVideoCardDetails()[pri:5, instance:tests.TutorialsTest@3eb77ea8]" started-at="2026-09-14T18:45:05 IST" name="VTTC_005_VerifyVideoCardDetails" description="VTTC_005" finished-at="2026-09-14T18:45:05 IST" duration-ms="440" status="PASS">
          <reporter-output>
          </reporter-output>
        </test-method> <!-- VTTC_005_VerifyVideoCardDetails -->
        <test-method is-config="true" signature="ensureVideoTurialsPage()[pri:0, instance:tests.TutorialsTest@3eb77ea8]" started-at="2026-09-14T18:45:05 IST" name="ensureVideoTurialsPage" finished-at="2026-09-14T18:45:05 IST" duration-ms="10" status="PASS">
          <reporter-output>
          </reporter-output>
        </test-method> <!-- ensureVideoTurialsPage -->
        <test-method signature="VTTC_006_VerifyExternalChannelLink()[pri:6, instance:tests.TutorialsTest@3eb77ea8]" started-at="2026-09-14T18:45:05 IST" name="VTTC_006_VerifyExternalChannelLink" description="VTTC_006" finished-at="2026-09-14T18:45:15 IST" duration-ms="10027" status="PASS">
          <reporter-output>
          </reporter-output>
        </test-method> <!-- VTTC_006_VerifyExternalChannelLink -->
        <test-method is-config="true" signature="ensureVideoTurialsPage()[pri:0, instance:tests.TutorialsTest@3eb77ea8]" started-at="2026-09-14T18:45:15 IST" name="ensureVideoTurialsPage" finished-at="2026-09-14T18:45:18 IST" duration-ms="2868" status="PASS">
          <reporter-output>
          </reporter-output>
        </test-method> <!-- ensureVideoTurialsPage -->
        <test-method signature="VTTC_007_VerifyCarouselHorizontalScroll()[pri:7, instance:tests.TutorialsTest@3eb77ea8]" started-at="2026-09-14T18:45:18 IST" name="VTTC_007_VerifyCarouselHorizontalScroll" description="VTTC_007 " finished-at="2026-09-14T18:45:18 IST" duration-ms="180" status="PASS">
          <reporter-output>
          </reporter-output>
        </test-method> <!-- VTTC_007_VerifyCarouselHorizontalScroll -->
        <test-method is-config="true" signature="ensureVideoTurialsPage()[pri:0, instance:tests.TutorialsTest@3eb77ea8]" started-at="2026-09-14T18:45:18 IST" name="ensureVideoTurialsPage" finished-at="2026-09-14T18:45:18 IST" duration-ms="20" status="PASS">
          <reporter-output>
          </reporter-output>
        </test-method> <!-- ensureVideoTurialsPage -->
        <test-method signature="VTTC_008_VerifyGlobalSearchExecution()[pri:8, instance:tests.TutorialsTest@3eb77ea8]" started-at="2026-09-14T18:45:18 IST" name="VTTC_008_VerifyGlobalSearchExecution" description="VTTC_008 " finished-at="2026-09-14T18:45:18 IST" duration-ms="270" status="PASS">
          <reporter-output>
          </reporter-output>
        </test-method> <!-- VTTC_008_VerifyGlobalSearchExecution -->
        <test-method is-config="true" signature="ensureVideoTurialsPage()[pri:0, instance:tests.TutorialsTest@3eb77ea8]" started-at="2026-09-14T18:45:18 IST" name="ensureVideoTurialsPage" finished-at="2026-09-14T18:45:18 IST" duration-ms="20" status="PASS">
          <reporter-output>
          </reporter-output>
        </test-method> <!-- ensureVideoTurialsPage -->
        <test-method signature="VTTC_009_VerifyChannelSpecificSearch()[pri:9, instance:tests.TutorialsTest@3eb77ea8]" started-at="2026-09-14T18:45:18 IST" name="VTTC_009_VerifyChannelSpecificSearch" description="VTTC_009 " finished-at="2026-09-14T18:45:21 IST" duration-ms="2458" status="PASS">
          <reporter-output>
          </reporter-output>
        </test-method> <!-- VTTC_009_VerifyChannelSpecificSearch -->
        <test-method is-config="true" signature="ensureVideoTurialsPage()[pri:0, instance:tests.TutorialsTest@3eb77ea8]" started-at="2026-09-14T18:45:21 IST" name="ensureVideoTurialsPage" finished-at="2026-09-14T18:45:21 IST" duration-ms="529" status="PASS">
          <reporter-output>
          </reporter-output>
        </test-method> <!-- ensureVideoTurialsPage -->
        <test-method signature="VTTC_010_VerifyThumbnailHoverPreview()[pri:10, instance:tests.TutorialsTest@3eb77ea8]" started-at="2026-09-14T18:45:21 IST" name="VTTC_010_VerifyThumbnailHoverPreview" description="VTTC_010 " finished-at="2026-09-14T18:45:35 IST" duration-ms="14155" status="PASS">
          <reporter-output>
          </reporter-output>
        </test-method> <!-- VTTC_010_VerifyThumbnailHoverPreview -->
        <test-method is-config="true" signature="ensureVideoTurialsPage()[pri:0, instance:tests.TutorialsTest@3eb77ea8]" started-at="2026-09-14T18:45:35 IST" name="ensureVideoTurialsPage" finished-at="2026-09-14T18:45:36 IST" duration-ms="48" status="PASS">
          <reporter-output>
          </reporter-output>
        </test-method> <!-- ensureVideoTurialsPage -->
        <test-method signature="VTTC_011_VerifyCoursesTabContent()[pri:11, instance:tests.TutorialsTest@3eb77ea8]" started-at="2026-09-14T18:45:36 IST" name="VTTC_011_VerifyCoursesTabContent" description="VTTC_011 " finished-at="2026-09-14T18:45:39 IST" duration-ms="3232" status="PASS">
          <reporter-output>
          </reporter-output>
        </test-method> <!-- VTTC_011_VerifyCoursesTabContent -->
        <test-method is-config="true" signature="ensureVideoTurialsPage()[pri:0, instance:tests.TutorialsTest@3eb77ea8]" started-at="2026-09-14T18:45:39 IST" name="ensureVideoTurialsPage" finished-at="2026-09-14T18:45:39 IST" duration-ms="18" status="PASS">
          <reporter-output>
          </reporter-output>
        </test-method> <!-- ensureVideoTurialsPage -->
        <test-method signature="VTTC_012_VerifyEscapeKeyClosesModal()[pri:12, instance:tests.TutorialsTest@3eb77ea8]" started-at="2026-09-14T18:45:39 IST" name="VTTC_012_VerifyEscapeKeyClosesModal" description="VTTC_012 " finished-at="2026-09-14T18:45:39 IST" duration-ms="90" status="PASS">
          <reporter-output>
          </reporter-output>
        </test-method> <!-- VTTC_012_VerifyEscapeKeyClosesModal -->
        <test-method is-config="true" signature="ensureVideoTurialsPage()[pri:0, instance:tests.TutorialsTest@3eb77ea8]" started-at="2026-09-14T18:45:39 IST" name="ensureVideoTurialsPage" finished-at="2026-09-14T18:45:39 IST" duration-ms="10" status="PASS">
          <reporter-output>
          </reporter-output>
        </test-method> <!-- ensureVideoTurialsPage -->
        <test-method signature="VTTC_013_VerifyModalHandleUrlClick()[pri:13, instance:tests.TutorialsTest@3eb77ea8]" started-at="2026-09-14T18:45:39 IST" name="VTTC_013_VerifyModalHandleUrlClick" description="VTTC_013" finished-at="2026-09-14T18:45:51 IST" duration-ms="11999" status="PASS">
          <reporter-output>
          </reporter-output>
        </test-method> <!-- VTTC_013_VerifyModalHandleUrlClick -->
        <test-method is-config="true" signature="ensureVideoTurialsPage()[pri:0, instance:tests.TutorialsTest@3eb77ea8]" started-at="2026-09-14T18:45:51 IST" name="ensureVideoTurialsPage" finished-at="2026-09-14T18:45:51 IST" duration-ms="490" status="PASS">
          <reporter-output>
          </reporter-output>
        </test-method> <!-- ensureVideoTurialsPage -->
        <test-method signature="VTTC_014_VerifyChannelAvatarInteraction()[pri:14, instance:tests.TutorialsTest@3eb77ea8]" started-at="2026-09-14T18:45:51 IST" name="VTTC_014_VerifyChannelAvatarInteraction" description="VTTC_014" finished-at="2026-09-14T18:45:52 IST" duration-ms="150" status="PASS">
          <reporter-output>
          </reporter-output>
        </test-method> <!-- VTTC_014_VerifyChannelAvatarInteraction -->
        <test-method is-config="true" signature="ensureVideoTurialsPage()[pri:0, instance:tests.TutorialsTest@3eb77ea8]" started-at="2026-09-14T18:45:52 IST" name="ensureVideoTurialsPage" finished-at="2026-09-14T18:45:52 IST" duration-ms="10" status="PASS">
          <reporter-output>
          </reporter-output>
        </test-method> <!-- ensureVideoTurialsPage -->
        <test-method signature="VTTC_015_VerifyHamburgerMenuToggle()[pri:15, instance:tests.TutorialsTest@3eb77ea8]" started-at="2026-09-14T18:45:52 IST" name="VTTC_015_VerifyHamburgerMenuToggle" description="VTTC_015 " finished-at="2026-09-14T18:45:52 IST" duration-ms="40" status="PASS">
          <reporter-output>
          </reporter-output>
        </test-method> <!-- VTTC_015_VerifyHamburgerMenuToggle -->
        <test-method is-config="true" signature="ensureVideoTurialsPage()[pri:0, instance:tests.TutorialsTest@3eb77ea8]" started-at="2026-09-14T18:45:52 IST" name="ensureVideoTurialsPage" finished-at="2026-09-14T18:45:52 IST" duration-ms="10" status="PASS">
          <reporter-output>
          </reporter-output>
        </test-method> <!-- ensureVideoTurialsPage -->
        <test-method signature="VTTC_016_VerifyCCBadges()[pri:16, instance:tests.TutorialsTest@3eb77ea8]" started-at="2026-09-14T18:45:52 IST" name="VTTC_016_VerifyCCBadges" description="VTTC_016 " finished-at="2026-09-14T18:45:52 IST" duration-ms="101" status="PASS">
          <reporter-output>
          </reporter-output>
        </test-method> <!-- VTTC_016_VerifyCCBadges -->
        <test-method is-config="true" signature="ensureVideoTurialsPage()[pri:0, instance:tests.TutorialsTest@3eb77ea8]" started-at="2026-09-14T18:45:52 IST" name="ensureVideoTurialsPage" finished-at="2026-09-14T18:45:52 IST" duration-ms="9" status="PASS">
          <reporter-output>
          </reporter-output>
        </test-method> <!-- ensureVideoTurialsPage -->
        <test-method signature="VTTC_017_VerifyVoiceSearchActivation()[pri:17, instance:tests.TutorialsTest@3eb77ea8]" started-at="2026-09-14T18:45:52 IST" name="VTTC_017_VerifyVoiceSearchActivation" description="VTTC_017 " finished-at="2026-09-14T18:45:52 IST" duration-ms="231" status="PASS">
          <reporter-output>
          </reporter-output>
        </test-method> <!-- VTTC_017_VerifyVoiceSearchActivation -->
        <test-method is-config="true" signature="ensureVideoTurialsPage()[pri:0, instance:tests.TutorialsTest@3eb77ea8]" started-at="2026-09-14T18:45:52 IST" name="ensureVideoTurialsPage" finished-at="2026-09-14T18:45:53 IST" duration-ms="584" status="PASS">
          <reporter-output>
          </reporter-output>
        </test-method> <!-- ensureVideoTurialsPage -->
        <test-method signature="VTTC_018_VerifyPlaylistsTabContent()[pri:18, instance:tests.TutorialsTest@3eb77ea8]" started-at="2026-09-14T18:45:53 IST" name="VTTC_018_VerifyPlaylistsTabContent" description="VTTC_018" finished-at="2026-09-14T18:45:53 IST" duration-ms="80" status="PASS">
          <reporter-output>
          </reporter-output>
        </test-method> <!-- VTTC_018_VerifyPlaylistsTabContent -->
        <test-method is-config="true" signature="ensureVideoTurialsPage()[pri:0, instance:tests.TutorialsTest@3eb77ea8]" started-at="2026-09-14T18:45:53 IST" name="ensureVideoTurialsPage" finished-at="2026-09-14T18:45:53 IST" duration-ms="10" status="PASS">
          <reporter-output>
          </reporter-output>
        </test-method> <!-- ensureVideoTurialsPage -->
        <test-method signature="VTTC_019_VerifyVideoCardOptionsMenu()[pri:19, instance:tests.TutorialsTest@3eb77ea8]" started-at="2026-09-14T18:45:53 IST" name="VTTC_019_VerifyVideoCardOptionsMenu" description="VTTC_019 " finished-at="2026-09-14T18:45:53 IST" duration-ms="120" status="PASS">
          <reporter-output>
          </reporter-output>
        </test-method> <!-- VTTC_019_VerifyVideoCardOptionsMenu -->
        <test-method is-config="true" signature="ensureVideoTurialsPage()[pri:0, instance:tests.TutorialsTest@3eb77ea8]" started-at="2026-09-14T18:45:53 IST" name="ensureVideoTurialsPage" finished-at="2026-09-14T18:45:53 IST" duration-ms="20" status="PASS">
          <reporter-output>
          </reporter-output>
        </test-method> <!-- ensureVideoTurialsPage -->
        <test-method signature="VTTC_020_VerifyThumbnailDurationBadges()[pri:20, instance:tests.TutorialsTest@3eb77ea8]" started-at="2026-09-14T18:45:53 IST" name="VTTC_020_VerifyThumbnailDurationBadges" description="VTTC_020 " finished-at="2026-09-14T18:45:53 IST" duration-ms="80" status="PASS">
          <reporter-output>
          </reporter-output>
        </test-method> <!-- VTTC_020_VerifyThumbnailDurationBadges -->
        <test-method is-config="true" signature="ensureVideoTurialsPage()[pri:0, instance:tests.TutorialsTest@3eb77ea8]" started-at="2026-09-14T18:45:53 IST" name="ensureVideoTurialsPage" finished-at="2026-09-14T18:45:53 IST" duration-ms="20" status="PASS">
          <reporter-output>
          </reporter-output>
        </test-method> <!-- ensureVideoTurialsPage -->
        <test-method signature="VTTC_021_VerifyDefaultActiveTabHighlighting()[pri:21, instance:tests.TutorialsTest@3eb77ea8]" started-at="2026-09-14T18:45:53 IST" name="VTTC_021_VerifyDefaultActiveTabHighlighting" description="VTTC_021" finished-at="2026-09-14T18:45:53 IST" duration-ms="50" status="PASS">
          <reporter-output>
          </reporter-output>
        </test-method> <!-- VTTC_021_VerifyDefaultActiveTabHighlighting -->
        <test-method is-config="true" signature="drop()[pri:0, instance:tests.TutorialsTest@3eb77ea8]" started-at="2026-09-14T18:45:53 IST" name="drop" finished-at="2026-09-14T18:45:53 IST" duration-ms="405" status="PASS">
          <reporter-output>
          </reporter-output>
        </test-method> <!-- drop -->
      </class> <!-- tests.TutorialsTest -->
    </test> <!-- Chrome Execution Test -->
  </suite> <!-- AutomationSuite -->
</testng-results>
